#! /c/Source/iverilog-install/bin/vvp
:ivl_version "12.0 (devel)" "(s20150603-1539-g2693dd32b)";
:ivl_delay_selection "TYPICAL";
:vpi_time_precision + 0;
:vpi_module "D:\Programs\iverilog\lib\ivl\system.vpi";
:vpi_module "D:\Programs\iverilog\lib\ivl\vhdl_sys.vpi";
:vpi_module "D:\Programs\iverilog\lib\ivl\vhdl_textio.vpi";
:vpi_module "D:\Programs\iverilog\lib\ivl\v2005_math.vpi";
:vpi_module "D:\Programs\iverilog\lib\ivl\va_math.vpi";
S_000001ed56ada450 .scope module, "inv_mix_columns" "inv_mix_columns" 2 12;
 .timescale 0 0;
    .port_info 0 /INPUT 128 "i_state";
    .port_info 1 /OUTPUT 128 "o_state";
o000001ed56b214e8 .functor BUFZ 128, C4<zzzzzzzzzzzzzzzzzzzzzzzzzzzzzzzzzzzzzzzzzzzzzzzzzzzzzzzzzzzzzzzzzzzzzzzzzzzzzzzzzzzzzzzzzzzzzzzzzzzzzzzzzzzzzzzzzzzzzzzzzzzzzzzz>; HiZ drive
v000001ed56b81750_0 .net "i_state", 127 0, o000001ed56b214e8;  0 drivers
v000001ed56b812f0_0 .net "o_state", 127 0, L_000001ed56b89470;  1 drivers
L_000001ed56b80f30 .part o000001ed56b214e8, 96, 8;
L_000001ed56b81430 .part o000001ed56b214e8, 104, 8;
L_000001ed56b80d50 .part o000001ed56b214e8, 112, 8;
L_000001ed56b80490 .part o000001ed56b214e8, 120, 8;
L_000001ed56b81390 .part o000001ed56b214e8, 96, 8;
L_000001ed56b80850 .part o000001ed56b214e8, 104, 8;
L_000001ed56b81cf0 .part o000001ed56b214e8, 112, 8;
L_000001ed56b81ed0 .part o000001ed56b214e8, 120, 8;
L_000001ed56b814d0 .part o000001ed56b214e8, 96, 8;
L_000001ed56b80530 .part o000001ed56b214e8, 104, 8;
L_000001ed56b805d0 .part o000001ed56b214e8, 112, 8;
L_000001ed56b80670 .part o000001ed56b214e8, 120, 8;
L_000001ed56b80ad0 .part o000001ed56b214e8, 96, 8;
L_000001ed56b87330 .part o000001ed56b214e8, 104, 8;
L_000001ed56b861b0 .part o000001ed56b214e8, 112, 8;
L_000001ed56b871f0 .part o000001ed56b214e8, 120, 8;
L_000001ed56b86930 .part o000001ed56b214e8, 64, 8;
L_000001ed56b86110 .part o000001ed56b214e8, 72, 8;
L_000001ed56b85fd0 .part o000001ed56b214e8, 80, 8;
L_000001ed56b86c50 .part o000001ed56b214e8, 88, 8;
L_000001ed56b85e90 .part o000001ed56b214e8, 64, 8;
L_000001ed56b85710 .part o000001ed56b214e8, 72, 8;
L_000001ed56b85c10 .part o000001ed56b214e8, 80, 8;
L_000001ed56b869d0 .part o000001ed56b214e8, 88, 8;
L_000001ed56b873d0 .part o000001ed56b214e8, 64, 8;
L_000001ed56b85530 .part o000001ed56b214e8, 72, 8;
L_000001ed56b86430 .part o000001ed56b214e8, 80, 8;
L_000001ed56b857b0 .part o000001ed56b214e8, 88, 8;
L_000001ed56b86e30 .part o000001ed56b214e8, 64, 8;
L_000001ed56b86570 .part o000001ed56b214e8, 72, 8;
L_000001ed56b866b0 .part o000001ed56b214e8, 80, 8;
L_000001ed56b87010 .part o000001ed56b214e8, 88, 8;
L_000001ed56b867f0 .part o000001ed56b214e8, 32, 8;
L_000001ed56b85ad0 .part o000001ed56b214e8, 40, 8;
L_000001ed56b86890 .part o000001ed56b214e8, 48, 8;
L_000001ed56b86bb0 .part o000001ed56b214e8, 56, 8;
L_000001ed56b85990 .part o000001ed56b214e8, 32, 8;
L_000001ed56b87150 .part o000001ed56b214e8, 40, 8;
L_000001ed56b88f70 .part o000001ed56b214e8, 48, 8;
L_000001ed56b88890 .part o000001ed56b214e8, 56, 8;
L_000001ed56b89010 .part o000001ed56b214e8, 32, 8;
L_000001ed56b89650 .part o000001ed56b214e8, 40, 8;
L_000001ed56b88390 .part o000001ed56b214e8, 48, 8;
L_000001ed56b886b0 .part o000001ed56b214e8, 56, 8;
L_000001ed56b89c90 .part o000001ed56b214e8, 32, 8;
L_000001ed56b89150 .part o000001ed56b214e8, 40, 8;
L_000001ed56b891f0 .part o000001ed56b214e8, 48, 8;
L_000001ed56b8a0f0 .part o000001ed56b214e8, 56, 8;
L_000001ed56b881b0 .part o000001ed56b214e8, 0, 8;
L_000001ed56b884d0 .part o000001ed56b214e8, 8, 8;
L_000001ed56b896f0 .part o000001ed56b214e8, 16, 8;
L_000001ed56b88110 .part o000001ed56b214e8, 24, 8;
L_000001ed56b88e30 .part o000001ed56b214e8, 0, 8;
L_000001ed56b89790 .part o000001ed56b214e8, 8, 8;
L_000001ed56b88d90 .part o000001ed56b214e8, 16, 8;
L_000001ed56b895b0 .part o000001ed56b214e8, 24, 8;
L_000001ed56b890b0 .part o000001ed56b214e8, 0, 8;
L_000001ed56b89830 .part o000001ed56b214e8, 8, 8;
L_000001ed56b89290 .part o000001ed56b214e8, 16, 8;
L_000001ed56b889d0 .part o000001ed56b214e8, 24, 8;
LS_000001ed56b89470_0_0 .concat8 [ 8 8 8 8], L_000001ed56b8de20, L_000001ed56b8dd40, L_000001ed56b8e6e0, L_000001ed56b8e4b0;
LS_000001ed56b89470_0_4 .concat8 [ 8 8 8 8], L_000001ed56b8e2f0, L_000001ed56b8e280, L_000001ed56b1e5c0, L_000001ed56b1e400;
LS_000001ed56b89470_0_8 .concat8 [ 8 8 8 8], L_000001ed56b1efd0, L_000001ed56b1ee10, L_000001ed56b1e390, L_000001ed56b1eb70;
LS_000001ed56b89470_0_12 .concat8 [ 8 8 8 8], L_000001ed56b1eb00, L_000001ed56b1f120, L_000001ed56b1e860, L_000001ed56b1f0b0;
L_000001ed56b89470 .concat8 [ 32 32 32 32], LS_000001ed56b89470_0_0, LS_000001ed56b89470_0_4, LS_000001ed56b89470_0_8, LS_000001ed56b89470_0_12;
L_000001ed56b89510 .part o000001ed56b214e8, 0, 8;
L_000001ed56b89a10 .part o000001ed56b214e8, 8, 8;
L_000001ed56b89ab0 .part o000001ed56b214e8, 16, 8;
L_000001ed56b89bf0 .part o000001ed56b214e8, 24, 8;
S_000001ed56bb68f0 .scope function.vec4.s8, "by2" "by2" 2 18, 2 18 0, S_000001ed56ada450;
 .timescale 0 0;
; Variable by2 is vec4 return value of scope S_000001ed56bb68f0
v000001ed56b14270_0 .var "x", 7 0;
TD_inv_mix_columns.by2 ;
    %load/vec4 v000001ed56b14270_0;
    %parti/s 1, 7, 4;
    %pad/u 32;
    %cmpi/e 1, 0, 32;
    %jmp/0xz  T_0.0, 4;
    %load/vec4 v000001ed56b14270_0;
    %ix/load 4, 1, 0;
    %flag_set/imm 4, 0;
    %shiftl 4;
    %pushi/vec4 27, 0, 8;
    %xor;
    %ret/vec4 0, 0, 8;  Assign to by2 (store_vec4_to_lval)
    %jmp T_0.1;
T_0.0 ;
    %load/vec4 v000001ed56b14270_0;
    %ix/load 4, 1, 0;
    %flag_set/imm 4, 0;
    %shiftl 4;
    %ret/vec4 0, 0, 8;  Assign to by2 (store_vec4_to_lval)
T_0.1 ;
    %end;
S_000001ed56bb6a80 .scope function.vec4.s8, "by9" "by9" 2 39, 2 39 0, S_000001ed56ada450;
 .timescale 0 0;
; Variable by9 is vec4 return value of scope S_000001ed56bb6a80
v000001ed56b143b0_0 .var "x", 7 0;
TD_inv_mix_columns.by9 ;
    %load/vec4 v000001ed56b143b0_0;
    %store/vec4 v000001ed56b14270_0, 0, 8;
    %callf/vec4 TD_inv_mix_columns.by2, S_000001ed56bb68f0;
    %store/vec4 v000001ed56b14270_0, 0, 8;
    %callf/vec4 TD_inv_mix_columns.by2, S_000001ed56bb68f0;
    %store/vec4 v000001ed56b14270_0, 0, 8;
    %callf/vec4 TD_inv_mix_columns.by2, S_000001ed56bb68f0;
    %load/vec4 v000001ed56b143b0_0;
    %xor;
    %ret/vec4 0, 0, 8;  Assign to by9 (store_vec4_to_lval)
    %end;
S_000001ed56bb6c10 .scope function.vec4.s8, "byB" "byB" 2 31, 2 31 0, S_000001ed56ada450;
 .timescale 0 0;
; Variable byB is vec4 return value of scope S_000001ed56bb6c10
v000001ed56b07580_0 .var "x", 7 0;
TD_inv_mix_columns.byB ;
    %load/vec4 v000001ed56b07580_0;
    %store/vec4 v000001ed56b14270_0, 0, 8;
    %callf/vec4 TD_inv_mix_columns.by2, S_000001ed56bb68f0;
    %store/vec4 v000001ed56b14270_0, 0, 8;
    %callf/vec4 TD_inv_mix_columns.by2, S_000001ed56bb68f0;
    %store/vec4 v000001ed56b14270_0, 0, 8;
    %callf/vec4 TD_inv_mix_columns.by2, S_000001ed56bb68f0;
    %load/vec4 v000001ed56b07580_0;
    %store/vec4 v000001ed56b14270_0, 0, 8;
    %callf/vec4 TD_inv_mix_columns.by2, S_000001ed56bb68f0;
    %xor;
    %load/vec4 v000001ed56b07580_0;
    %xor;
    %ret/vec4 0, 0, 8;  Assign to byB (store_vec4_to_lval)
    %end;
S_000001ed56b76030 .scope function.vec4.s8, "byD" "byD" 2 35, 2 35 0, S_000001ed56ada450;
 .timescale 0 0;
; Variable byD is vec4 return value of scope S_000001ed56b76030
v000001ed56b07940_0 .var "x", 7 0;
TD_inv_mix_columns.byD ;
    %load/vec4 v000001ed56b07940_0;
    %store/vec4 v000001ed56b14270_0, 0, 8;
    %callf/vec4 TD_inv_mix_columns.by2, S_000001ed56bb68f0;
    %store/vec4 v000001ed56b14270_0, 0, 8;
    %callf/vec4 TD_inv_mix_columns.by2, S_000001ed56bb68f0;
    %store/vec4 v000001ed56b14270_0, 0, 8;
    %callf/vec4 TD_inv_mix_columns.by2, S_000001ed56bb68f0;
    %load/vec4 v000001ed56b07940_0;
    %store/vec4 v000001ed56b14270_0, 0, 8;
    %callf/vec4 TD_inv_mix_columns.by2, S_000001ed56bb68f0;
    %store/vec4 v000001ed56b14270_0, 0, 8;
    %callf/vec4 TD_inv_mix_columns.by2, S_000001ed56bb68f0;
    %xor;
    %load/vec4 v000001ed56b07940_0;
    %xor;
    %ret/vec4 0, 0, 8;  Assign to byD (store_vec4_to_lval)
    %end;
S_000001ed56b761c0 .scope function.vec4.s8, "byE" "byE" 2 27, 2 27 0, S_000001ed56ada450;
 .timescale 0 0;
; Variable byE is vec4 return value of scope S_000001ed56b761c0
v000001ed56af8240_0 .var "x", 7 0;
TD_inv_mix_columns.byE ;
    %load/vec4 v000001ed56af8240_0;
    %store/vec4 v000001ed56b14270_0, 0, 8;
    %callf/vec4 TD_inv_mix_columns.by2, S_000001ed56bb68f0;
    %store/vec4 v000001ed56b14270_0, 0, 8;
    %callf/vec4 TD_inv_mix_columns.by2, S_000001ed56bb68f0;
    %store/vec4 v000001ed56b14270_0, 0, 8;
    %callf/vec4 TD_inv_mix_columns.by2, S_000001ed56bb68f0;
    %load/vec4 v000001ed56af8240_0;
    %store/vec4 v000001ed56b14270_0, 0, 8;
    %callf/vec4 TD_inv_mix_columns.by2, S_000001ed56bb68f0;
    %store/vec4 v000001ed56b14270_0, 0, 8;
    %callf/vec4 TD_inv_mix_columns.by2, S_000001ed56bb68f0;
    %xor;
    %load/vec4 v000001ed56af8240_0;
    %store/vec4 v000001ed56b14270_0, 0, 8;
    %callf/vec4 TD_inv_mix_columns.by2, S_000001ed56bb68f0;
    %xor;
    %ret/vec4 0, 0, 8;  Assign to byE (store_vec4_to_lval)
    %end;
S_000001ed56b76350 .scope generate, "genblk1[0]" "genblk1[0]" 2 45, 2 45 0, S_000001ed56ada450;
 .timescale 0 0;
P_000001ed56b16b80 .param/l "i" 0 2 45, +C4<00>;
L_000001ed56b8e1a0 .functor XOR 8, L_000001ed56b882f0, L_000001ed56b8a230, C4<00000000>, C4<00000000>;
L_000001ed56b8e910 .functor XOR 8, L_000001ed56b8e1a0, L_000001ed56b89b50, C4<00000000>, C4<00000000>;
L_000001ed56b8de20 .functor XOR 8, L_000001ed56b8e910, L_000001ed56b89d30, C4<00000000>, C4<00000000>;
v000001ed56af6ee0_0 .net *"_ivl_0", 7 0, L_000001ed56b89510;  1 drivers
v000001ed56af75c0_0 .net *"_ivl_10", 7 0, L_000001ed56b89b50;  1 drivers
v000001ed56ae1eb0_0 .net *"_ivl_11", 7 0, L_000001ed56b8e910;  1 drivers
v000001ed56ae1370_0 .net *"_ivl_13", 7 0, L_000001ed56b89bf0;  1 drivers
v000001ed56b76850_0 .net *"_ivl_15", 7 0, L_000001ed56b89d30;  1 drivers
v000001ed56b776b0_0 .net *"_ivl_16", 7 0, L_000001ed56b8de20;  1 drivers
v000001ed56b77430_0 .net *"_ivl_2", 7 0, L_000001ed56b882f0;  1 drivers
v000001ed56b777f0_0 .net *"_ivl_3", 7 0, L_000001ed56b89a10;  1 drivers
v000001ed56b76ad0_0 .net *"_ivl_5", 7 0, L_000001ed56b8a230;  1 drivers
v000001ed56b772f0_0 .net *"_ivl_6", 7 0, L_000001ed56b8e1a0;  1 drivers
v000001ed56b77110_0 .net *"_ivl_8", 7 0, L_000001ed56b89ab0;  1 drivers
L_000001ed56b882f0 .ufunc/vec4 TD_inv_mix_columns.byE, 8, L_000001ed56b89510 (v000001ed56af8240_0) S_000001ed56b761c0;
L_000001ed56b8a230 .ufunc/vec4 TD_inv_mix_columns.by9, 8, L_000001ed56b89a10 (v000001ed56b143b0_0) S_000001ed56bb6a80;
L_000001ed56b89b50 .ufunc/vec4 TD_inv_mix_columns.byD, 8, L_000001ed56b89ab0 (v000001ed56b07940_0) S_000001ed56b76030;
L_000001ed56b89d30 .ufunc/vec4 TD_inv_mix_columns.byB, 8, L_000001ed56b89bf0 (v000001ed56b07580_0) S_000001ed56bb6c10;
S_000001ed56b784f0 .scope generate, "genblk1[1]" "genblk1[1]" 2 45, 2 45 0, S_000001ed56ada450;
 .timescale 0 0;
P_000001ed56b17040 .param/l "i" 0 2 45, +C4<01>;
L_000001ed56b8e830 .functor XOR 8, L_000001ed56b898d0, L_000001ed56b887f0, C4<00000000>, C4<00000000>;
L_000001ed56b8e9f0 .functor XOR 8, L_000001ed56b8e830, L_000001ed56b893d0, C4<00000000>, C4<00000000>;
L_000001ed56b8dd40 .functor XOR 8, L_000001ed56b8e9f0, L_000001ed56b88250, C4<00000000>, C4<00000000>;
v000001ed56b78010_0 .net *"_ivl_0", 7 0, L_000001ed56b890b0;  1 drivers
v000001ed56b76f30_0 .net *"_ivl_10", 7 0, L_000001ed56b893d0;  1 drivers
v000001ed56b77c50_0 .net *"_ivl_11", 7 0, L_000001ed56b8e9f0;  1 drivers
v000001ed56b78330_0 .net *"_ivl_13", 7 0, L_000001ed56b889d0;  1 drivers
v000001ed56b77890_0 .net *"_ivl_15", 7 0, L_000001ed56b88250;  1 drivers
v000001ed56b768f0_0 .net *"_ivl_16", 7 0, L_000001ed56b8dd40;  1 drivers
v000001ed56b77930_0 .net *"_ivl_2", 7 0, L_000001ed56b898d0;  1 drivers
v000001ed56b77b10_0 .net *"_ivl_3", 7 0, L_000001ed56b89830;  1 drivers
v000001ed56b77ed0_0 .net *"_ivl_5", 7 0, L_000001ed56b887f0;  1 drivers
v000001ed56b77570_0 .net *"_ivl_6", 7 0, L_000001ed56b8e830;  1 drivers
v000001ed56b771b0_0 .net *"_ivl_8", 7 0, L_000001ed56b89290;  1 drivers
L_000001ed56b898d0 .ufunc/vec4 TD_inv_mix_columns.byB, 8, L_000001ed56b890b0 (v000001ed56b07580_0) S_000001ed56bb6c10;
L_000001ed56b887f0 .ufunc/vec4 TD_inv_mix_columns.byE, 8, L_000001ed56b89830 (v000001ed56af8240_0) S_000001ed56b761c0;
L_000001ed56b893d0 .ufunc/vec4 TD_inv_mix_columns.by9, 8, L_000001ed56b89290 (v000001ed56b143b0_0) S_000001ed56bb6a80;
L_000001ed56b88250 .ufunc/vec4 TD_inv_mix_columns.byD, 8, L_000001ed56b889d0 (v000001ed56b07940_0) S_000001ed56b76030;
S_000001ed56b78710 .scope generate, "genblk1[2]" "genblk1[2]" 2 45, 2 45 0, S_000001ed56ada450;
 .timescale 0 0;
P_000001ed56b15cc0 .param/l "i" 0 2 45, +C4<010>;
L_000001ed56b8e520 .functor XOR 8, L_000001ed56b89dd0, L_000001ed56b87cb0, C4<00000000>, C4<00000000>;
L_000001ed56b8e980 .functor XOR 8, L_000001ed56b8e520, L_000001ed56b88ed0, C4<00000000>, C4<00000000>;
L_000001ed56b8e6e0 .functor XOR 8, L_000001ed56b8e980, L_000001ed56b88a70, C4<00000000>, C4<00000000>;
v000001ed56b774d0_0 .net *"_ivl_0", 7 0, L_000001ed56b88e30;  1 drivers
v000001ed56b77070_0 .net *"_ivl_10", 7 0, L_000001ed56b88ed0;  1 drivers
v000001ed56b76df0_0 .net *"_ivl_11", 7 0, L_000001ed56b8e980;  1 drivers
v000001ed56b76990_0 .net *"_ivl_13", 7 0, L_000001ed56b895b0;  1 drivers
v000001ed56b77f70_0 .net *"_ivl_15", 7 0, L_000001ed56b88a70;  1 drivers
v000001ed56b76fd0_0 .net *"_ivl_16", 7 0, L_000001ed56b8e6e0;  1 drivers
v000001ed56b780b0_0 .net *"_ivl_2", 7 0, L_000001ed56b89dd0;  1 drivers
v000001ed56b765d0_0 .net *"_ivl_3", 7 0, L_000001ed56b89790;  1 drivers
v000001ed56b78290_0 .net *"_ivl_5", 7 0, L_000001ed56b87cb0;  1 drivers
v000001ed56b78150_0 .net *"_ivl_6", 7 0, L_000001ed56b8e520;  1 drivers
v000001ed56b781f0_0 .net *"_ivl_8", 7 0, L_000001ed56b88d90;  1 drivers
L_000001ed56b89dd0 .ufunc/vec4 TD_inv_mix_columns.byD, 8, L_000001ed56b88e30 (v000001ed56b07940_0) S_000001ed56b76030;
L_000001ed56b87cb0 .ufunc/vec4 TD_inv_mix_columns.byB, 8, L_000001ed56b89790 (v000001ed56b07580_0) S_000001ed56bb6c10;
L_000001ed56b88ed0 .ufunc/vec4 TD_inv_mix_columns.byE, 8, L_000001ed56b88d90 (v000001ed56af8240_0) S_000001ed56b761c0;
L_000001ed56b88a70 .ufunc/vec4 TD_inv_mix_columns.by9, 8, L_000001ed56b895b0 (v000001ed56b143b0_0) S_000001ed56bb6a80;
S_000001ed56b78930 .scope generate, "genblk1[3]" "genblk1[3]" 2 45, 2 45 0, S_000001ed56ada450;
 .timescale 0 0;
P_000001ed56b156c0 .param/l "i" 0 2 45, +C4<011>;
L_000001ed56b8e3d0 .functor XOR 8, L_000001ed56b88610, L_000001ed56b87d50, C4<00000000>, C4<00000000>;
L_000001ed56b8dbf0 .functor XOR 8, L_000001ed56b8e3d0, L_000001ed56b88570, C4<00000000>, C4<00000000>;
L_000001ed56b8e4b0 .functor XOR 8, L_000001ed56b8dbf0, L_000001ed56b88750, C4<00000000>, C4<00000000>;
v000001ed56b779d0_0 .net *"_ivl_0", 7 0, L_000001ed56b881b0;  1 drivers
v000001ed56b77250_0 .net *"_ivl_10", 7 0, L_000001ed56b88570;  1 drivers
v000001ed56b76b70_0 .net *"_ivl_11", 7 0, L_000001ed56b8dbf0;  1 drivers
v000001ed56b77390_0 .net *"_ivl_13", 7 0, L_000001ed56b88110;  1 drivers
v000001ed56b76a30_0 .net *"_ivl_15", 7 0, L_000001ed56b88750;  1 drivers
v000001ed56b76670_0 .net *"_ivl_16", 7 0, L_000001ed56b8e4b0;  1 drivers
v000001ed56b77610_0 .net *"_ivl_2", 7 0, L_000001ed56b88610;  1 drivers
v000001ed56b77cf0_0 .net *"_ivl_3", 7 0, L_000001ed56b884d0;  1 drivers
v000001ed56b77a70_0 .net *"_ivl_5", 7 0, L_000001ed56b87d50;  1 drivers
v000001ed56b783d0_0 .net *"_ivl_6", 7 0, L_000001ed56b8e3d0;  1 drivers
v000001ed56b77bb0_0 .net *"_ivl_8", 7 0, L_000001ed56b896f0;  1 drivers
L_000001ed56b88610 .ufunc/vec4 TD_inv_mix_columns.by9, 8, L_000001ed56b881b0 (v000001ed56b143b0_0) S_000001ed56bb6a80;
L_000001ed56b87d50 .ufunc/vec4 TD_inv_mix_columns.byD, 8, L_000001ed56b884d0 (v000001ed56b07940_0) S_000001ed56b76030;
L_000001ed56b88570 .ufunc/vec4 TD_inv_mix_columns.byB, 8, L_000001ed56b896f0 (v000001ed56b07580_0) S_000001ed56bb6c10;
L_000001ed56b88750 .ufunc/vec4 TD_inv_mix_columns.byE, 8, L_000001ed56b88110 (v000001ed56af8240_0) S_000001ed56b761c0;
S_000001ed56b79f60 .scope generate, "genblk1[4]" "genblk1[4]" 2 45, 2 45 0, S_000001ed56ada450;
 .timescale 0 0;
P_000001ed56b15900 .param/l "i" 0 2 45, +C4<0100>;
L_000001ed56b8e130 .functor XOR 8, L_000001ed56b88cf0, L_000001ed56b88bb0, C4<00000000>, C4<00000000>;
L_000001ed56b8e360 .functor XOR 8, L_000001ed56b8e130, L_000001ed56b88930, C4<00000000>, C4<00000000>;
L_000001ed56b8e2f0 .functor XOR 8, L_000001ed56b8e360, L_000001ed56b89970, C4<00000000>, C4<00000000>;
v000001ed56b76530_0 .net *"_ivl_0", 7 0, L_000001ed56b89c90;  1 drivers
v000001ed56b76c10_0 .net *"_ivl_10", 7 0, L_000001ed56b88930;  1 drivers
v000001ed56b77d90_0 .net *"_ivl_11", 7 0, L_000001ed56b8e360;  1 drivers
v000001ed56b76710_0 .net *"_ivl_13", 7 0, L_000001ed56b8a0f0;  1 drivers
v000001ed56b77750_0 .net *"_ivl_15", 7 0, L_000001ed56b89970;  1 drivers
v000001ed56b77e30_0 .net *"_ivl_16", 7 0, L_000001ed56b8e2f0;  1 drivers
v000001ed56b767b0_0 .net *"_ivl_2", 7 0, L_000001ed56b88cf0;  1 drivers
v000001ed56b76e90_0 .net *"_ivl_3", 7 0, L_000001ed56b89150;  1 drivers
v000001ed56b76cb0_0 .net *"_ivl_5", 7 0, L_000001ed56b88bb0;  1 drivers
v000001ed56b76d50_0 .net *"_ivl_6", 7 0, L_000001ed56b8e130;  1 drivers
v000001ed56b7a6e0_0 .net *"_ivl_8", 7 0, L_000001ed56b891f0;  1 drivers
L_000001ed56b88cf0 .ufunc/vec4 TD_inv_mix_columns.byE, 8, L_000001ed56b89c90 (v000001ed56af8240_0) S_000001ed56b761c0;
L_000001ed56b88bb0 .ufunc/vec4 TD_inv_mix_columns.by9, 8, L_000001ed56b89150 (v000001ed56b143b0_0) S_000001ed56bb6a80;
L_000001ed56b88930 .ufunc/vec4 TD_inv_mix_columns.byD, 8, L_000001ed56b891f0 (v000001ed56b07940_0) S_000001ed56b76030;
L_000001ed56b89970 .ufunc/vec4 TD_inv_mix_columns.byB, 8, L_000001ed56b8a0f0 (v000001ed56b07580_0) S_000001ed56bb6c10;
S_000001ed56b7c100 .scope generate, "genblk1[5]" "genblk1[5]" 2 45, 2 45 0, S_000001ed56ada450;
 .timescale 0 0;
P_000001ed56b157c0 .param/l "i" 0 2 45, +C4<0101>;
L_000001ed56b1e6a0 .functor XOR 8, L_000001ed56b88070, L_000001ed56b8a050, C4<00000000>, C4<00000000>;
L_000001ed56b1e710 .functor XOR 8, L_000001ed56b1e6a0, L_000001ed56b88c50, C4<00000000>, C4<00000000>;
L_000001ed56b8e280 .functor XOR 8, L_000001ed56b1e710, L_000001ed56b88430, C4<00000000>, C4<00000000>;
v000001ed56b7bcc0_0 .net *"_ivl_0", 7 0, L_000001ed56b89010;  1 drivers
v000001ed56b7a960_0 .net *"_ivl_10", 7 0, L_000001ed56b88c50;  1 drivers
v000001ed56b7a8c0_0 .net *"_ivl_11", 7 0, L_000001ed56b1e710;  1 drivers
v000001ed56b7abe0_0 .net *"_ivl_13", 7 0, L_000001ed56b886b0;  1 drivers
v000001ed56b7b9a0_0 .net *"_ivl_15", 7 0, L_000001ed56b88430;  1 drivers
v000001ed56b7ac80_0 .net *"_ivl_16", 7 0, L_000001ed56b8e280;  1 drivers
v000001ed56b7aa00_0 .net *"_ivl_2", 7 0, L_000001ed56b88070;  1 drivers
v000001ed56b7bc20_0 .net *"_ivl_3", 7 0, L_000001ed56b89650;  1 drivers
v000001ed56b7aaa0_0 .net *"_ivl_5", 7 0, L_000001ed56b8a050;  1 drivers
v000001ed56b7a1e0_0 .net *"_ivl_6", 7 0, L_000001ed56b1e6a0;  1 drivers
v000001ed56b7bea0_0 .net *"_ivl_8", 7 0, L_000001ed56b88390;  1 drivers
L_000001ed56b88070 .ufunc/vec4 TD_inv_mix_columns.byB, 8, L_000001ed56b89010 (v000001ed56b07580_0) S_000001ed56bb6c10;
L_000001ed56b8a050 .ufunc/vec4 TD_inv_mix_columns.byE, 8, L_000001ed56b89650 (v000001ed56af8240_0) S_000001ed56b761c0;
L_000001ed56b88c50 .ufunc/vec4 TD_inv_mix_columns.by9, 8, L_000001ed56b88390 (v000001ed56b143b0_0) S_000001ed56bb6a80;
L_000001ed56b88430 .ufunc/vec4 TD_inv_mix_columns.byD, 8, L_000001ed56b886b0 (v000001ed56b07940_0) S_000001ed56b76030;
S_000001ed56b7c290 .scope generate, "genblk1[6]" "genblk1[6]" 2 45, 2 45 0, S_000001ed56ada450;
 .timescale 0 0;
P_000001ed56b15940 .param/l "i" 0 2 45, +C4<0110>;
L_000001ed56b1e470 .functor XOR 8, L_000001ed56b86f70, L_000001ed56b85b70, C4<00000000>, C4<00000000>;
L_000001ed56b1e4e0 .functor XOR 8, L_000001ed56b1e470, L_000001ed56b88b10, C4<00000000>, C4<00000000>;
L_000001ed56b1e5c0 .functor XOR 8, L_000001ed56b1e4e0, L_000001ed56b89330, C4<00000000>, C4<00000000>;
v000001ed56b7a460_0 .net *"_ivl_0", 7 0, L_000001ed56b85990;  1 drivers
v000001ed56b7a500_0 .net *"_ivl_10", 7 0, L_000001ed56b88b10;  1 drivers
v000001ed56b7afa0_0 .net *"_ivl_11", 7 0, L_000001ed56b1e4e0;  1 drivers
v000001ed56b7ba40_0 .net *"_ivl_13", 7 0, L_000001ed56b88890;  1 drivers
v000001ed56b7b2c0_0 .net *"_ivl_15", 7 0, L_000001ed56b89330;  1 drivers
v000001ed56b7b0e0_0 .net *"_ivl_16", 7 0, L_000001ed56b1e5c0;  1 drivers
v000001ed56b7bf40_0 .net *"_ivl_2", 7 0, L_000001ed56b86f70;  1 drivers
v000001ed56b7b400_0 .net *"_ivl_3", 7 0, L_000001ed56b87150;  1 drivers
v000001ed56b7bfe0_0 .net *"_ivl_5", 7 0, L_000001ed56b85b70;  1 drivers
v000001ed56b7b540_0 .net *"_ivl_6", 7 0, L_000001ed56b1e470;  1 drivers
v000001ed56b7b720_0 .net *"_ivl_8", 7 0, L_000001ed56b88f70;  1 drivers
L_000001ed56b86f70 .ufunc/vec4 TD_inv_mix_columns.byD, 8, L_000001ed56b85990 (v000001ed56b07940_0) S_000001ed56b76030;
L_000001ed56b85b70 .ufunc/vec4 TD_inv_mix_columns.byB, 8, L_000001ed56b87150 (v000001ed56b07580_0) S_000001ed56bb6c10;
L_000001ed56b88b10 .ufunc/vec4 TD_inv_mix_columns.byE, 8, L_000001ed56b88f70 (v000001ed56af8240_0) S_000001ed56b761c0;
L_000001ed56b89330 .ufunc/vec4 TD_inv_mix_columns.by9, 8, L_000001ed56b88890 (v000001ed56b143b0_0) S_000001ed56bb6a80;
S_000001ed56b7cc30 .scope generate, "genblk1[7]" "genblk1[7]" 2 45, 2 45 0, S_000001ed56ada450;
 .timescale 0 0;
P_000001ed56b15c40 .param/l "i" 0 2 45, +C4<0111>;
L_000001ed56b1f040 .functor XOR 8, L_000001ed56b870b0, L_000001ed56b858f0, C4<00000000>, C4<00000000>;
L_000001ed56b1e320 .functor XOR 8, L_000001ed56b1f040, L_000001ed56b86b10, C4<00000000>, C4<00000000>;
L_000001ed56b1e400 .functor XOR 8, L_000001ed56b1e320, L_000001ed56b85f30, C4<00000000>, C4<00000000>;
v000001ed56b7ad20_0 .net *"_ivl_0", 7 0, L_000001ed56b867f0;  1 drivers
v000001ed56b7ae60_0 .net *"_ivl_10", 7 0, L_000001ed56b86b10;  1 drivers
v000001ed56b7a5a0_0 .net *"_ivl_11", 7 0, L_000001ed56b1e320;  1 drivers
v000001ed56b7ab40_0 .net *"_ivl_13", 7 0, L_000001ed56b86bb0;  1 drivers
v000001ed56b7a640_0 .net *"_ivl_15", 7 0, L_000001ed56b85f30;  1 drivers
v000001ed56b7a780_0 .net *"_ivl_16", 7 0, L_000001ed56b1e400;  1 drivers
v000001ed56b7a140_0 .net *"_ivl_2", 7 0, L_000001ed56b870b0;  1 drivers
v000001ed56b7a820_0 .net *"_ivl_3", 7 0, L_000001ed56b85ad0;  1 drivers
v000001ed56b7adc0_0 .net *"_ivl_5", 7 0, L_000001ed56b858f0;  1 drivers
v000001ed56b7b180_0 .net *"_ivl_6", 7 0, L_000001ed56b1f040;  1 drivers
v000001ed56b7af00_0 .net *"_ivl_8", 7 0, L_000001ed56b86890;  1 drivers
L_000001ed56b870b0 .ufunc/vec4 TD_inv_mix_columns.by9, 8, L_000001ed56b867f0 (v000001ed56b143b0_0) S_000001ed56bb6a80;
L_000001ed56b858f0 .ufunc/vec4 TD_inv_mix_columns.byD, 8, L_000001ed56b85ad0 (v000001ed56b07940_0) S_000001ed56b76030;
L_000001ed56b86b10 .ufunc/vec4 TD_inv_mix_columns.byB, 8, L_000001ed56b86890 (v000001ed56b07580_0) S_000001ed56bb6c10;
L_000001ed56b85f30 .ufunc/vec4 TD_inv_mix_columns.byE, 8, L_000001ed56b86bb0 (v000001ed56af8240_0) S_000001ed56b761c0;
S_000001ed56b7cdc0 .scope generate, "genblk1[8]" "genblk1[8]" 2 45, 2 45 0, S_000001ed56ada450;
 .timescale 0 0;
P_000001ed56b16400 .param/l "i" 0 2 45, +C4<01000>;
L_000001ed56b1e630 .functor XOR 8, L_000001ed56b86390, L_000001ed56b86610, C4<00000000>, C4<00000000>;
L_000001ed56b1ef60 .functor XOR 8, L_000001ed56b1e630, L_000001ed56b85a30, C4<00000000>, C4<00000000>;
L_000001ed56b1efd0 .functor XOR 8, L_000001ed56b1ef60, L_000001ed56b86750, C4<00000000>, C4<00000000>;
v000001ed56b7b040_0 .net *"_ivl_0", 7 0, L_000001ed56b86e30;  1 drivers
v000001ed56b7a3c0_0 .net *"_ivl_10", 7 0, L_000001ed56b85a30;  1 drivers
v000001ed56b7b7c0_0 .net *"_ivl_11", 7 0, L_000001ed56b1ef60;  1 drivers
v000001ed56b7b220_0 .net *"_ivl_13", 7 0, L_000001ed56b87010;  1 drivers
v000001ed56b7b360_0 .net *"_ivl_15", 7 0, L_000001ed56b86750;  1 drivers
v000001ed56b7a280_0 .net *"_ivl_16", 7 0, L_000001ed56b1efd0;  1 drivers
v000001ed56b7a320_0 .net *"_ivl_2", 7 0, L_000001ed56b86390;  1 drivers
v000001ed56b7bae0_0 .net *"_ivl_3", 7 0, L_000001ed56b86570;  1 drivers
v000001ed56b7b4a0_0 .net *"_ivl_5", 7 0, L_000001ed56b86610;  1 drivers
v000001ed56b7b680_0 .net *"_ivl_6", 7 0, L_000001ed56b1e630;  1 drivers
v000001ed56b7b5e0_0 .net *"_ivl_8", 7 0, L_000001ed56b866b0;  1 drivers
L_000001ed56b86390 .ufunc/vec4 TD_inv_mix_columns.byE, 8, L_000001ed56b86e30 (v000001ed56af8240_0) S_000001ed56b761c0;
L_000001ed56b86610 .ufunc/vec4 TD_inv_mix_columns.by9, 8, L_000001ed56b86570 (v000001ed56b143b0_0) S_000001ed56bb6a80;
L_000001ed56b85a30 .ufunc/vec4 TD_inv_mix_columns.byD, 8, L_000001ed56b866b0 (v000001ed56b07940_0) S_000001ed56b76030;
L_000001ed56b86750 .ufunc/vec4 TD_inv_mix_columns.byB, 8, L_000001ed56b87010 (v000001ed56b07580_0) S_000001ed56bb6c10;
S_000001ed56b7cf50 .scope generate, "genblk1[9]" "genblk1[9]" 2 45, 2 45 0, S_000001ed56ada450;
 .timescale 0 0;
P_000001ed56b15fc0 .param/l "i" 0 2 45, +C4<01001>;
L_000001ed56b1ebe0 .functor XOR 8, L_000001ed56b86070, L_000001ed56b86d90, C4<00000000>, C4<00000000>;
L_000001ed56b1ec50 .functor XOR 8, L_000001ed56b1ebe0, L_000001ed56b85850, C4<00000000>, C4<00000000>;
L_000001ed56b1ee10 .functor XOR 8, L_000001ed56b1ec50, L_000001ed56b862f0, C4<00000000>, C4<00000000>;
v000001ed56b7b860_0 .net *"_ivl_0", 7 0, L_000001ed56b873d0;  1 drivers
v000001ed56b7b900_0 .net *"_ivl_10", 7 0, L_000001ed56b85850;  1 drivers
v000001ed56b7bb80_0 .net *"_ivl_11", 7 0, L_000001ed56b1ec50;  1 drivers
v000001ed56b7bd60_0 .net *"_ivl_13", 7 0, L_000001ed56b857b0;  1 drivers
v000001ed56b7be00_0 .net *"_ivl_15", 7 0, L_000001ed56b862f0;  1 drivers
v000001ed56b7d8b0_0 .net *"_ivl_16", 7 0, L_000001ed56b1ee10;  1 drivers
v000001ed56b7edf0_0 .net *"_ivl_2", 7 0, L_000001ed56b86070;  1 drivers
v000001ed56b7d770_0 .net *"_ivl_3", 7 0, L_000001ed56b85530;  1 drivers
v000001ed56b7e530_0 .net *"_ivl_5", 7 0, L_000001ed56b86d90;  1 drivers
v000001ed56b7ee90_0 .net *"_ivl_6", 7 0, L_000001ed56b1ebe0;  1 drivers
v000001ed56b7d9f0_0 .net *"_ivl_8", 7 0, L_000001ed56b86430;  1 drivers
L_000001ed56b86070 .ufunc/vec4 TD_inv_mix_columns.byB, 8, L_000001ed56b873d0 (v000001ed56b07580_0) S_000001ed56bb6c10;
L_000001ed56b86d90 .ufunc/vec4 TD_inv_mix_columns.byE, 8, L_000001ed56b85530 (v000001ed56af8240_0) S_000001ed56b761c0;
L_000001ed56b85850 .ufunc/vec4 TD_inv_mix_columns.by9, 8, L_000001ed56b86430 (v000001ed56b143b0_0) S_000001ed56bb6a80;
L_000001ed56b862f0 .ufunc/vec4 TD_inv_mix_columns.byD, 8, L_000001ed56b857b0 (v000001ed56b07940_0) S_000001ed56b76030;
S_000001ed56b7f0f0 .scope generate, "genblk1[10]" "genblk1[10]" 2 45, 2 45 0, S_000001ed56ada450;
 .timescale 0 0;
P_000001ed56b16300 .param/l "i" 0 2 45, +C4<01010>;
L_000001ed56b1e780 .functor XOR 8, L_000001ed56b86cf0, L_000001ed56b87290, C4<00000000>, C4<00000000>;
L_000001ed56b1e240 .functor XOR 8, L_000001ed56b1e780, L_000001ed56b864d0, C4<00000000>, C4<00000000>;
L_000001ed56b1e390 .functor XOR 8, L_000001ed56b1e240, L_000001ed56b86ed0, C4<00000000>, C4<00000000>;
v000001ed56b7d6d0_0 .net *"_ivl_0", 7 0, L_000001ed56b85e90;  1 drivers
v000001ed56b7d3b0_0 .net *"_ivl_10", 7 0, L_000001ed56b864d0;  1 drivers
v000001ed56b7dd10_0 .net *"_ivl_11", 7 0, L_000001ed56b1e240;  1 drivers
v000001ed56b7e850_0 .net *"_ivl_13", 7 0, L_000001ed56b869d0;  1 drivers
v000001ed56b7e8f0_0 .net *"_ivl_15", 7 0, L_000001ed56b86ed0;  1 drivers
v000001ed56b7ecb0_0 .net *"_ivl_16", 7 0, L_000001ed56b1e390;  1 drivers
v000001ed56b7ef30_0 .net *"_ivl_2", 7 0, L_000001ed56b86cf0;  1 drivers
v000001ed56b7e030_0 .net *"_ivl_3", 7 0, L_000001ed56b85710;  1 drivers
v000001ed56b7df90_0 .net *"_ivl_5", 7 0, L_000001ed56b87290;  1 drivers
v000001ed56b7e5d0_0 .net *"_ivl_6", 7 0, L_000001ed56b1e780;  1 drivers
v000001ed56b7e0d0_0 .net *"_ivl_8", 7 0, L_000001ed56b85c10;  1 drivers
L_000001ed56b86cf0 .ufunc/vec4 TD_inv_mix_columns.byD, 8, L_000001ed56b85e90 (v000001ed56b07940_0) S_000001ed56b76030;
L_000001ed56b87290 .ufunc/vec4 TD_inv_mix_columns.byB, 8, L_000001ed56b85710 (v000001ed56b07580_0) S_000001ed56bb6c10;
L_000001ed56b864d0 .ufunc/vec4 TD_inv_mix_columns.byE, 8, L_000001ed56b85c10 (v000001ed56af8240_0) S_000001ed56b761c0;
L_000001ed56b86ed0 .ufunc/vec4 TD_inv_mix_columns.by9, 8, L_000001ed56b869d0 (v000001ed56b143b0_0) S_000001ed56bb6a80;
S_000001ed56b7fdc0 .scope generate, "genblk1[11]" "genblk1[11]" 2 45, 2 45 0, S_000001ed56ada450;
 .timescale 0 0;
P_000001ed56b15d40 .param/l "i" 0 2 45, +C4<01011>;
L_000001ed56b1e550 .functor XOR 8, L_000001ed56b85df0, L_000001ed56b86250, C4<00000000>, C4<00000000>;
L_000001ed56b1eda0 .functor XOR 8, L_000001ed56b1e550, L_000001ed56b85670, C4<00000000>, C4<00000000>;
L_000001ed56b1eb70 .functor XOR 8, L_000001ed56b1eda0, L_000001ed56b85d50, C4<00000000>, C4<00000000>;
v000001ed56b7ddb0_0 .net *"_ivl_0", 7 0, L_000001ed56b86930;  1 drivers
v000001ed56b7e990_0 .net *"_ivl_10", 7 0, L_000001ed56b85670;  1 drivers
v000001ed56b7efd0_0 .net *"_ivl_11", 7 0, L_000001ed56b1eda0;  1 drivers
v000001ed56b7d270_0 .net *"_ivl_13", 7 0, L_000001ed56b86c50;  1 drivers
v000001ed56b7e7b0_0 .net *"_ivl_15", 7 0, L_000001ed56b85d50;  1 drivers
v000001ed56b7dbd0_0 .net *"_ivl_16", 7 0, L_000001ed56b1eb70;  1 drivers
v000001ed56b7e710_0 .net *"_ivl_2", 7 0, L_000001ed56b85df0;  1 drivers
v000001ed56b7d810_0 .net *"_ivl_3", 7 0, L_000001ed56b86110;  1 drivers
v000001ed56b7d950_0 .net *"_ivl_5", 7 0, L_000001ed56b86250;  1 drivers
v000001ed56b7d130_0 .net *"_ivl_6", 7 0, L_000001ed56b1e550;  1 drivers
v000001ed56b7d1d0_0 .net *"_ivl_8", 7 0, L_000001ed56b85fd0;  1 drivers
L_000001ed56b85df0 .ufunc/vec4 TD_inv_mix_columns.by9, 8, L_000001ed56b86930 (v000001ed56b143b0_0) S_000001ed56bb6a80;
L_000001ed56b86250 .ufunc/vec4 TD_inv_mix_columns.byD, 8, L_000001ed56b86110 (v000001ed56b07940_0) S_000001ed56b76030;
L_000001ed56b85670 .ufunc/vec4 TD_inv_mix_columns.byB, 8, L_000001ed56b85fd0 (v000001ed56b07580_0) S_000001ed56bb6c10;
L_000001ed56b85d50 .ufunc/vec4 TD_inv_mix_columns.byE, 8, L_000001ed56b86c50 (v000001ed56af8240_0) S_000001ed56b761c0;
S_000001ed56b7f5f0 .scope generate, "genblk1[12]" "genblk1[12]" 2 45, 2 45 0, S_000001ed56ada450;
 .timescale 0 0;
P_000001ed56b16280 .param/l "i" 0 2 45, +C4<01100>;
L_000001ed56b1e8d0 .functor XOR 8, L_000001ed56b80c10, L_000001ed56b86a70, C4<00000000>, C4<00000000>;
L_000001ed56b1ea90 .functor XOR 8, L_000001ed56b1e8d0, L_000001ed56b855d0, C4<00000000>, C4<00000000>;
L_000001ed56b1eb00 .functor XOR 8, L_000001ed56b1ea90, L_000001ed56b85cb0, C4<00000000>, C4<00000000>;
v000001ed56b7de50_0 .net *"_ivl_0", 7 0, L_000001ed56b80ad0;  1 drivers
v000001ed56b7e170_0 .net *"_ivl_10", 7 0, L_000001ed56b855d0;  1 drivers
v000001ed56b7d630_0 .net *"_ivl_11", 7 0, L_000001ed56b1ea90;  1 drivers
v000001ed56b7e490_0 .net *"_ivl_13", 7 0, L_000001ed56b871f0;  1 drivers
v000001ed56b7e210_0 .net *"_ivl_15", 7 0, L_000001ed56b85cb0;  1 drivers
v000001ed56b7d310_0 .net *"_ivl_16", 7 0, L_000001ed56b1eb00;  1 drivers
v000001ed56b7def0_0 .net *"_ivl_2", 7 0, L_000001ed56b80c10;  1 drivers
v000001ed56b7da90_0 .net *"_ivl_3", 7 0, L_000001ed56b87330;  1 drivers
v000001ed56b7e2b0_0 .net *"_ivl_5", 7 0, L_000001ed56b86a70;  1 drivers
v000001ed56b7ea30_0 .net *"_ivl_6", 7 0, L_000001ed56b1e8d0;  1 drivers
v000001ed56b7d4f0_0 .net *"_ivl_8", 7 0, L_000001ed56b861b0;  1 drivers
L_000001ed56b80c10 .ufunc/vec4 TD_inv_mix_columns.byE, 8, L_000001ed56b80ad0 (v000001ed56af8240_0) S_000001ed56b761c0;
L_000001ed56b86a70 .ufunc/vec4 TD_inv_mix_columns.by9, 8, L_000001ed56b87330 (v000001ed56b143b0_0) S_000001ed56bb6a80;
L_000001ed56b855d0 .ufunc/vec4 TD_inv_mix_columns.byD, 8, L_000001ed56b861b0 (v000001ed56b07940_0) S_000001ed56b76030;
L_000001ed56b85cb0 .ufunc/vec4 TD_inv_mix_columns.byB, 8, L_000001ed56b871f0 (v000001ed56b07580_0) S_000001ed56bb6c10;
S_000001ed56b7ff50 .scope generate, "genblk1[13]" "genblk1[13]" 2 45, 2 45 0, S_000001ed56ada450;
 .timescale 0 0;
P_000001ed56b15f00 .param/l "i" 0 2 45, +C4<01101>;
L_000001ed56b1ea20 .functor XOR 8, L_000001ed56b81570, L_000001ed56b81610, C4<00000000>, C4<00000000>;
L_000001ed56b1e9b0 .functor XOR 8, L_000001ed56b1ea20, L_000001ed56b80990, C4<00000000>, C4<00000000>;
L_000001ed56b1f120 .functor XOR 8, L_000001ed56b1e9b0, L_000001ed56b808f0, C4<00000000>, C4<00000000>;
v000001ed56b7e3f0_0 .net *"_ivl_0", 7 0, L_000001ed56b814d0;  1 drivers
v000001ed56b7d450_0 .net *"_ivl_10", 7 0, L_000001ed56b80990;  1 drivers
v000001ed56b7e670_0 .net *"_ivl_11", 7 0, L_000001ed56b1e9b0;  1 drivers
v000001ed56b7eb70_0 .net *"_ivl_13", 7 0, L_000001ed56b80670;  1 drivers
v000001ed56b7ead0_0 .net *"_ivl_15", 7 0, L_000001ed56b808f0;  1 drivers
v000001ed56b7d590_0 .net *"_ivl_16", 7 0, L_000001ed56b1f120;  1 drivers
v000001ed56b7ec10_0 .net *"_ivl_2", 7 0, L_000001ed56b81570;  1 drivers
v000001ed56b7ed50_0 .net *"_ivl_3", 7 0, L_000001ed56b80530;  1 drivers
v000001ed56b7e350_0 .net *"_ivl_5", 7 0, L_000001ed56b81610;  1 drivers
v000001ed56b7db30_0 .net *"_ivl_6", 7 0, L_000001ed56b1ea20;  1 drivers
v000001ed56b7dc70_0 .net *"_ivl_8", 7 0, L_000001ed56b805d0;  1 drivers
L_000001ed56b81570 .ufunc/vec4 TD_inv_mix_columns.byB, 8, L_000001ed56b814d0 (v000001ed56b07580_0) S_000001ed56bb6c10;
L_000001ed56b81610 .ufunc/vec4 TD_inv_mix_columns.byE, 8, L_000001ed56b80530 (v000001ed56af8240_0) S_000001ed56b761c0;
L_000001ed56b80990 .ufunc/vec4 TD_inv_mix_columns.by9, 8, L_000001ed56b805d0 (v000001ed56b143b0_0) S_000001ed56bb6a80;
L_000001ed56b808f0 .ufunc/vec4 TD_inv_mix_columns.byD, 8, L_000001ed56b80670 (v000001ed56b07940_0) S_000001ed56b76030;
S_000001ed56b7f780 .scope generate, "genblk1[14]" "genblk1[14]" 2 45, 2 45 0, S_000001ed56ada450;
 .timescale 0 0;
P_000001ed56b165c0 .param/l "i" 0 2 45, +C4<01110>;
L_000001ed56b1eef0 .functor XOR 8, L_000001ed56b807b0, L_000001ed56b82290, C4<00000000>, C4<00000000>;
L_000001ed56b1ed30 .functor XOR 8, L_000001ed56b1eef0, L_000001ed56b82010, C4<00000000>, C4<00000000>;
L_000001ed56b1e860 .functor XOR 8, L_000001ed56b1ed30, L_000001ed56b803f0, C4<00000000>, C4<00000000>;
v000001ed56b817f0_0 .net *"_ivl_0", 7 0, L_000001ed56b81390;  1 drivers
v000001ed56b81930_0 .net *"_ivl_10", 7 0, L_000001ed56b82010;  1 drivers
v000001ed56b816b0_0 .net *"_ivl_11", 7 0, L_000001ed56b1ed30;  1 drivers
v000001ed56b811b0_0 .net *"_ivl_13", 7 0, L_000001ed56b81ed0;  1 drivers
v000001ed56b819d0_0 .net *"_ivl_15", 7 0, L_000001ed56b803f0;  1 drivers
v000001ed56b81f70_0 .net *"_ivl_16", 7 0, L_000001ed56b1e860;  1 drivers
v000001ed56b81d90_0 .net *"_ivl_2", 7 0, L_000001ed56b807b0;  1 drivers
v000001ed56b82150_0 .net *"_ivl_3", 7 0, L_000001ed56b80850;  1 drivers
v000001ed56b81a70_0 .net *"_ivl_5", 7 0, L_000001ed56b82290;  1 drivers
v000001ed56b80df0_0 .net *"_ivl_6", 7 0, L_000001ed56b1eef0;  1 drivers
v000001ed56b80e90_0 .net *"_ivl_8", 7 0, L_000001ed56b81cf0;  1 drivers
L_000001ed56b807b0 .ufunc/vec4 TD_inv_mix_columns.byD, 8, L_000001ed56b81390 (v000001ed56b07940_0) S_000001ed56b76030;
L_000001ed56b82290 .ufunc/vec4 TD_inv_mix_columns.byB, 8, L_000001ed56b80850 (v000001ed56b07580_0) S_000001ed56bb6c10;
L_000001ed56b82010 .ufunc/vec4 TD_inv_mix_columns.byE, 8, L_000001ed56b81cf0 (v000001ed56af8240_0) S_000001ed56b761c0;
L_000001ed56b803f0 .ufunc/vec4 TD_inv_mix_columns.by9, 8, L_000001ed56b81ed0 (v000001ed56b143b0_0) S_000001ed56bb6a80;
S_000001ed56b7f910 .scope generate, "genblk1[15]" "genblk1[15]" 2 45, 2 45 0, S_000001ed56ada450;
 .timescale 0 0;
P_000001ed56b16440 .param/l "i" 0 2 45, +C4<01111>;
L_000001ed56b1e940 .functor XOR 8, L_000001ed56b80fd0, L_000001ed56b81e30, C4<00000000>, C4<00000000>;
L_000001ed56b1ecc0 .functor XOR 8, L_000001ed56b1e940, L_000001ed56b81c50, C4<00000000>, C4<00000000>;
L_000001ed56b1f0b0 .functor XOR 8, L_000001ed56b1ecc0, L_000001ed56b81890, C4<00000000>, C4<00000000>;
v000001ed56b820b0_0 .net *"_ivl_0", 7 0, L_000001ed56b80f30;  1 drivers
v000001ed56b80a30_0 .net *"_ivl_10", 7 0, L_000001ed56b81c50;  1 drivers
v000001ed56b81070_0 .net *"_ivl_11", 7 0, L_000001ed56b1ecc0;  1 drivers
v000001ed56b81110_0 .net *"_ivl_13", 7 0, L_000001ed56b80490;  1 drivers
v000001ed56b81250_0 .net *"_ivl_15", 7 0, L_000001ed56b81890;  1 drivers
v000001ed56b821f0_0 .net *"_ivl_16", 7 0, L_000001ed56b1f0b0;  1 drivers
v000001ed56b80b70_0 .net *"_ivl_2", 7 0, L_000001ed56b80fd0;  1 drivers
v000001ed56b81b10_0 .net *"_ivl_3", 7 0, L_000001ed56b81430;  1 drivers
v000001ed56b80710_0 .net *"_ivl_5", 7 0, L_000001ed56b81e30;  1 drivers
v000001ed56b81bb0_0 .net *"_ivl_6", 7 0, L_000001ed56b1e940;  1 drivers
v000001ed56b80cb0_0 .net *"_ivl_8", 7 0, L_000001ed56b80d50;  1 drivers
L_000001ed56b80fd0 .ufunc/vec4 TD_inv_mix_columns.by9, 8, L_000001ed56b80f30 (v000001ed56b143b0_0) S_000001ed56bb6a80;
L_000001ed56b81e30 .ufunc/vec4 TD_inv_mix_columns.byD, 8, L_000001ed56b81430 (v000001ed56b07940_0) S_000001ed56b76030;
L_000001ed56b81c50 .ufunc/vec4 TD_inv_mix_columns.byB, 8, L_000001ed56b80d50 (v000001ed56b07580_0) S_000001ed56bb6c10;
L_000001ed56b81890 .ufunc/vec4 TD_inv_mix_columns.byE, 8, L_000001ed56b80490 (v000001ed56af8240_0) S_000001ed56b761c0;
# The file index is used to find the file name in the following table.
:file_names 3;
    "N/A";
    "<interactive>";
    "inv_mix_columns.v";
