#! /c/Source/iverilog-install/bin/vvp
:ivl_version "12.0 (devel)" "(s20150603-1539-g2693dd32b)";
:ivl_delay_selection "TYPICAL";
:vpi_time_precision + 0;
:vpi_module "D:\Programs\iverilog\lib\ivl\system.vpi";
:vpi_module "D:\Programs\iverilog\lib\ivl\vhdl_sys.vpi";
:vpi_module "D:\Programs\iverilog\lib\ivl\vhdl_textio.vpi";
:vpi_module "D:\Programs\iverilog\lib\ivl\v2005_math.vpi";
:vpi_module "D:\Programs\iverilog\lib\ivl\va_math.vpi";
S_00000213b9a968f0 .scope module, "mix_columns" "mix_columns" 2 12;
 .timescale 0 0;
    .port_info 0 /INPUT 128 "i_state";
    .port_info 1 /OUTPUT 128 "o_state";
o00000213b9bdfce8 .functor BUFZ 128, C4<zzzzzzzzzzzzzzzzzzzzzzzzzzzzzzzzzzzzzzzzzzzzzzzzzzzzzzzzzzzzzzzzzzzzzzzzzzzzzzzzzzzzzzzzzzzzzzzzzzzzzzzzzzzzzzzzzzzzzzzzzzzzzzzz>; HiZ drive
v00000213b9c43100_0 .net "i_state", 127 0, o00000213b9bdfce8;  0 drivers
v00000213b9c43a60_0 .net "o_state", 127 0, L_00000213b9c45b80;  1 drivers
L_00000213b9c43b00 .part o00000213b9bdfce8, 96, 8;
L_00000213b9c422a0 .part o00000213b9bdfce8, 104, 8;
L_00000213b9c42ca0 .part o00000213b9bdfce8, 112, 8;
L_00000213b9c43240 .part o00000213b9bdfce8, 120, 8;
L_00000213b9c43740 .part o00000213b9bdfce8, 96, 8;
L_00000213b9c41da0 .part o00000213b9bdfce8, 104, 8;
L_00000213b9c42de0 .part o00000213b9bdfce8, 112, 8;
L_00000213b9c41e40 .part o00000213b9bdfce8, 120, 8;
L_00000213b9c432e0 .part o00000213b9bdfce8, 96, 8;
L_00000213b9c434c0 .part o00000213b9bdfce8, 104, 8;
L_00000213b9c43560 .part o00000213b9bdfce8, 112, 8;
L_00000213b9c41ee0 .part o00000213b9bdfce8, 120, 8;
L_00000213b9c42700 .part o00000213b9bdfce8, 96, 8;
L_00000213b9c41f80 .part o00000213b9bdfce8, 104, 8;
L_00000213b9c42020 .part o00000213b9bdfce8, 112, 8;
L_00000213b9c42b60 .part o00000213b9bdfce8, 120, 8;
L_00000213b9c42160 .part o00000213b9bdfce8, 64, 8;
L_00000213b9c43920 .part o00000213b9bdfce8, 72, 8;
L_00000213b9c420c0 .part o00000213b9bdfce8, 80, 8;
L_00000213b9c42200 .part o00000213b9bdfce8, 88, 8;
L_00000213b9c439c0 .part o00000213b9bdfce8, 64, 8;
L_00000213b9c42c00 .part o00000213b9bdfce8, 72, 8;
L_00000213b9c42980 .part o00000213b9bdfce8, 80, 8;
L_00000213b9c437e0 .part o00000213b9bdfce8, 88, 8;
L_00000213b9c42480 .part o00000213b9bdfce8, 64, 8;
L_00000213b9c42e80 .part o00000213b9bdfce8, 72, 8;
L_00000213b9c42fc0 .part o00000213b9bdfce8, 80, 8;
L_00000213b9c43060 .part o00000213b9bdfce8, 88, 8;
L_00000213b9c43380 .part o00000213b9bdfce8, 64, 8;
L_00000213b9c427a0 .part o00000213b9bdfce8, 72, 8;
L_00000213b9c42840 .part o00000213b9bdfce8, 80, 8;
L_00000213b9c45f40 .part o00000213b9bdfce8, 88, 8;
L_00000213b9c46b20 .part o00000213b9bdfce8, 32, 8;
L_00000213b9c46da0 .part o00000213b9bdfce8, 40, 8;
L_00000213b9c463a0 .part o00000213b9bdfce8, 48, 8;
L_00000213b9c46ee0 .part o00000213b9bdfce8, 56, 8;
L_00000213b9c464e0 .part o00000213b9bdfce8, 32, 8;
L_00000213b9c45e00 .part o00000213b9bdfce8, 40, 8;
L_00000213b9c469e0 .part o00000213b9bdfce8, 48, 8;
L_00000213b9c461c0 .part o00000213b9bdfce8, 56, 8;
L_00000213b9c46d00 .part o00000213b9bdfce8, 32, 8;
L_00000213b9c45ea0 .part o00000213b9bdfce8, 40, 8;
L_00000213b9c46080 .part o00000213b9bdfce8, 48, 8;
L_00000213b9c45220 .part o00000213b9bdfce8, 56, 8;
L_00000213b9c46120 .part o00000213b9bdfce8, 32, 8;
L_00000213b9c452c0 .part o00000213b9bdfce8, 40, 8;
L_00000213b9c45400 .part o00000213b9bdfce8, 48, 8;
L_00000213b9c45360 .part o00000213b9bdfce8, 56, 8;
L_00000213b9c46300 .part o00000213b9bdfce8, 0, 8;
L_00000213b9c45720 .part o00000213b9bdfce8, 8, 8;
L_00000213b9c457c0 .part o00000213b9bdfce8, 16, 8;
L_00000213b9c46440 .part o00000213b9bdfce8, 24, 8;
L_00000213b9c46580 .part o00000213b9bdfce8, 0, 8;
L_00000213b9c45680 .part o00000213b9bdfce8, 8, 8;
L_00000213b9c45860 .part o00000213b9bdfce8, 16, 8;
L_00000213b9c45900 .part o00000213b9bdfce8, 24, 8;
L_00000213b9c45a40 .part o00000213b9bdfce8, 0, 8;
L_00000213b9c46800 .part o00000213b9bdfce8, 8, 8;
L_00000213b9c459a0 .part o00000213b9bdfce8, 16, 8;
L_00000213b9c45ae0 .part o00000213b9bdfce8, 24, 8;
LS_00000213b9c45b80_0_0 .concat8 [ 8 8 8 8], L_00000213b9c4a150, L_00000213b9c49f20, L_00000213b9c44550, L_00000213b9c44470;
LS_00000213b9c45b80_0_4 .concat8 [ 8 8 8 8], L_00000213b9c44320, L_00000213b9c44b70, L_00000213b9c44160, L_00000213b9c43ec0;
LS_00000213b9c45b80_0_8 .concat8 [ 8 8 8 8], L_00000213b9c44d30, L_00000213b9c44be0, L_00000213b9c448d0, L_00000213b9c447f0;
LS_00000213b9c45b80_0_12 .concat8 [ 8 8 8 8], L_00000213b9c44080, L_00000213b9c445c0, L_00000213b9bcfdf0, L_00000213b9bcfb50;
L_00000213b9c45b80 .concat8 [ 32 32 32 32], LS_00000213b9c45b80_0_0, LS_00000213b9c45b80_0_4, LS_00000213b9c45b80_0_8, LS_00000213b9c45b80_0_12;
L_00000213b9c45c20 .part o00000213b9bdfce8, 0, 8;
L_00000213b9c46a80 .part o00000213b9bdfce8, 8, 8;
L_00000213b9c45cc0 .part o00000213b9bdfce8, 16, 8;
L_00000213b9c45d60 .part o00000213b9bdfce8, 24, 8;
S_00000213b9a96a80 .scope function.vec4.s8, "by2" "by2" 2 18, 2 18 0, S_00000213b9a968f0;
 .timescale 0 0;
; Variable by2 is vec4 return value of scope S_00000213b9a96a80
v00000213b9bdb600_0 .var "x", 7 0;
TD_mix_columns.by2 ;
    %load/vec4 v00000213b9bdb600_0;
    %parti/s 1, 7, 4;
    %pad/u 32;
    %cmpi/e 1, 0, 32;
    %jmp/0xz  T_0.0, 4;
    %load/vec4 v00000213b9bdb600_0;
    %ix/load 4, 1, 0;
    %flag_set/imm 4, 0;
    %shiftl 4;
    %pushi/vec4 27, 0, 8;
    %xor;
    %ret/vec4 0, 0, 8;  Assign to by2 (store_vec4_to_lval)
    %jmp T_0.1;
T_0.0 ;
    %load/vec4 v00000213b9bdb600_0;
    %ix/load 4, 1, 0;
    %flag_set/imm 4, 0;
    %shiftl 4;
    %ret/vec4 0, 0, 8;  Assign to by2 (store_vec4_to_lval)
T_0.1 ;
    %end;
S_00000213b9a96c10 .scope function.vec4.s8, "by3" "by3" 2 28, 2 28 0, S_00000213b9a968f0;
 .timescale 0 0;
; Variable by3 is vec4 return value of scope S_00000213b9a96c10
v00000213b9bda020_0 .var "x", 7 0;
TD_mix_columns.by3 ;
    %load/vec4 v00000213b9bda020_0;
    %store/vec4 v00000213b9bdb600_0, 0, 8;
    %callf/vec4 TD_mix_columns.by2, S_00000213b9a96a80;
    %load/vec4 v00000213b9bda020_0;
    %xor;
    %ret/vec4 0, 0, 8;  Assign to by3 (store_vec4_to_lval)
    %end;
S_00000213b9c37440 .scope generate, "genblk1[0]" "genblk1[0]" 2 38, 2 38 0, S_00000213b9a968f0;
 .timescale 0 0;
P_00000213b9bd2390 .param/l "i" 0 2 38, +C4<00>;
L_00000213b9c4a3f0 .functor XOR 8, L_00000213b9c46bc0, L_00000213b9c46a80, C4<00000000>, C4<00000000>;
L_00000213b9c49ac0 .functor XOR 8, L_00000213b9c4a3f0, L_00000213b9c45cc0, C4<00000000>, C4<00000000>;
L_00000213b9c4a150 .functor XOR 8, L_00000213b9c49ac0, L_00000213b9c4ad30, C4<00000000>, C4<00000000>;
v00000213b9bdad40_0 .net *"_ivl_0", 7 0, L_00000213b9c45c20;  1 drivers
v00000213b9bdb100_0 .net *"_ivl_11", 7 0, L_00000213b9c4ad30;  1 drivers
v00000213b9bd9940_0 .net *"_ivl_12", 7 0, L_00000213b9c4a150;  1 drivers
v00000213b9bdb6a0_0 .net *"_ivl_2", 7 0, L_00000213b9c46bc0;  1 drivers
v00000213b9bdaf20_0 .net *"_ivl_3", 7 0, L_00000213b9c46a80;  1 drivers
v00000213b9bd9da0_0 .net *"_ivl_4", 7 0, L_00000213b9c4a3f0;  1 drivers
v00000213b9bdb1a0_0 .net *"_ivl_6", 7 0, L_00000213b9c45cc0;  1 drivers
v00000213b9bdafc0_0 .net *"_ivl_7", 7 0, L_00000213b9c49ac0;  1 drivers
v00000213b9bdaca0_0 .net *"_ivl_9", 7 0, L_00000213b9c45d60;  1 drivers
L_00000213b9c46bc0 .ufunc/vec4 TD_mix_columns.by2, 8, L_00000213b9c45c20 (v00000213b9bdb600_0) S_00000213b9a96a80;
L_00000213b9c4ad30 .ufunc/vec4 TD_mix_columns.by3, 8, L_00000213b9c45d60 (v00000213b9bda020_0) S_00000213b9a96c10;
S_00000213b9c375d0 .scope generate, "genblk1[1]" "genblk1[1]" 2 38, 2 38 0, S_00000213b9a968f0;
 .timescale 0 0;
P_00000213b9bd0910 .param/l "i" 0 2 38, +C4<01>;
L_00000213b9c49e40 .functor XOR 8, L_00000213b9c46760, L_00000213b9c468a0, C4<00000000>, C4<00000000>;
L_00000213b9c4a230 .functor XOR 8, L_00000213b9c49e40, L_00000213b9c459a0, C4<00000000>, C4<00000000>;
L_00000213b9c49f20 .functor XOR 8, L_00000213b9c4a230, L_00000213b9c45ae0, C4<00000000>, C4<00000000>;
v00000213b9bd99e0_0 .net *"_ivl_0", 7 0, L_00000213b9c45a40;  1 drivers
v00000213b9bda160_0 .net *"_ivl_11", 7 0, L_00000213b9c45ae0;  1 drivers
v00000213b9bd9a80_0 .net *"_ivl_12", 7 0, L_00000213b9c49f20;  1 drivers
v00000213b9bd9e40_0 .net *"_ivl_2", 7 0, L_00000213b9c46760;  1 drivers
v00000213b9bdb380_0 .net *"_ivl_3", 7 0, L_00000213b9c46800;  1 drivers
v00000213b9bd9b20_0 .net *"_ivl_5", 7 0, L_00000213b9c468a0;  1 drivers
v00000213b9bda840_0 .net *"_ivl_6", 7 0, L_00000213b9c49e40;  1 drivers
v00000213b9bda480_0 .net *"_ivl_8", 7 0, L_00000213b9c459a0;  1 drivers
v00000213b9bd9bc0_0 .net *"_ivl_9", 7 0, L_00000213b9c4a230;  1 drivers
L_00000213b9c46760 .ufunc/vec4 TD_mix_columns.by3, 8, L_00000213b9c45a40 (v00000213b9bda020_0) S_00000213b9a96c10;
L_00000213b9c468a0 .ufunc/vec4 TD_mix_columns.by2, 8, L_00000213b9c46800 (v00000213b9bdb600_0) S_00000213b9a96a80;
S_00000213b9c37760 .scope generate, "genblk1[2]" "genblk1[2]" 2 38, 2 38 0, S_00000213b9a968f0;
 .timescale 0 0;
P_00000213b9bd0ad0 .param/l "i" 0 2 38, +C4<010>;
L_00000213b9c444e0 .functor XOR 8, L_00000213b9c46580, L_00000213b9c46620, C4<00000000>, C4<00000000>;
L_00000213b9c44b00 .functor XOR 8, L_00000213b9c444e0, L_00000213b9c466c0, C4<00000000>, C4<00000000>;
L_00000213b9c44550 .functor XOR 8, L_00000213b9c44b00, L_00000213b9c45900, C4<00000000>, C4<00000000>;
v00000213b9bda980_0 .net *"_ivl_0", 7 0, L_00000213b9c46580;  1 drivers
v00000213b9bd9c60_0 .net *"_ivl_1", 7 0, L_00000213b9c45680;  1 drivers
v00000213b9bdaa20_0 .net *"_ivl_11", 7 0, L_00000213b9c45900;  1 drivers
v00000213b9bda200_0 .net *"_ivl_12", 7 0, L_00000213b9c44550;  1 drivers
v00000213b9bdab60_0 .net *"_ivl_3", 7 0, L_00000213b9c46620;  1 drivers
v00000213b9bd9ee0_0 .net *"_ivl_4", 7 0, L_00000213b9c444e0;  1 drivers
v00000213b9bd9d00_0 .net *"_ivl_6", 7 0, L_00000213b9c45860;  1 drivers
v00000213b9bd9f80_0 .net *"_ivl_8", 7 0, L_00000213b9c466c0;  1 drivers
v00000213b9bdade0_0 .net *"_ivl_9", 7 0, L_00000213b9c44b00;  1 drivers
L_00000213b9c46620 .ufunc/vec4 TD_mix_columns.by3, 8, L_00000213b9c45680 (v00000213b9bda020_0) S_00000213b9a96c10;
L_00000213b9c466c0 .ufunc/vec4 TD_mix_columns.by2, 8, L_00000213b9c45860 (v00000213b9bdb600_0) S_00000213b9a96a80;
S_00000213b9c39900 .scope generate, "genblk1[3]" "genblk1[3]" 2 38, 2 38 0, S_00000213b9a968f0;
 .timescale 0 0;
P_00000213b9bd0bd0 .param/l "i" 0 2 38, +C4<011>;
L_00000213b9c44390 .functor XOR 8, L_00000213b9c46300, L_00000213b9c45720, C4<00000000>, C4<00000000>;
L_00000213b9c44710 .functor XOR 8, L_00000213b9c44390, L_00000213b9c46c60, C4<00000000>, C4<00000000>;
L_00000213b9c44470 .functor XOR 8, L_00000213b9c44710, L_00000213b9c454a0, C4<00000000>, C4<00000000>;
v00000213b9bda0c0_0 .net *"_ivl_0", 7 0, L_00000213b9c46300;  1 drivers
v00000213b9bda2a0_0 .net *"_ivl_1", 7 0, L_00000213b9c45720;  1 drivers
v00000213b9bced90_0 .net *"_ivl_11", 7 0, L_00000213b9c454a0;  1 drivers
v00000213b9bcf1f0_0 .net *"_ivl_12", 7 0, L_00000213b9c44470;  1 drivers
v00000213b9bcf0b0_0 .net *"_ivl_2", 7 0, L_00000213b9c44390;  1 drivers
v00000213b9bcd5d0_0 .net *"_ivl_4", 7 0, L_00000213b9c457c0;  1 drivers
v00000213b9bcd8f0_0 .net *"_ivl_6", 7 0, L_00000213b9c46c60;  1 drivers
v00000213b9bc1010_0 .net *"_ivl_7", 7 0, L_00000213b9c44710;  1 drivers
v00000213b9bc04d0_0 .net *"_ivl_9", 7 0, L_00000213b9c46440;  1 drivers
L_00000213b9c46c60 .ufunc/vec4 TD_mix_columns.by3, 8, L_00000213b9c457c0 (v00000213b9bda020_0) S_00000213b9a96c10;
L_00000213b9c454a0 .ufunc/vec4 TD_mix_columns.by2, 8, L_00000213b9c46440 (v00000213b9bdb600_0) S_00000213b9a96a80;
S_00000213b9c39a90 .scope generate, "genblk1[4]" "genblk1[4]" 2 38, 2 38 0, S_00000213b9a968f0;
 .timescale 0 0;
P_00000213b9bd1750 .param/l "i" 0 2 38, +C4<0100>;
L_00000213b9c44630 .functor XOR 8, L_00000213b9c46260, L_00000213b9c452c0, C4<00000000>, C4<00000000>;
L_00000213b9c44a90 .functor XOR 8, L_00000213b9c44630, L_00000213b9c45400, C4<00000000>, C4<00000000>;
L_00000213b9c44320 .functor XOR 8, L_00000213b9c44a90, L_00000213b9c45fe0, C4<00000000>, C4<00000000>;
v00000213b9bc0250_0 .net *"_ivl_0", 7 0, L_00000213b9c46120;  1 drivers
v00000213b9bc10b0_0 .net *"_ivl_11", 7 0, L_00000213b9c45fe0;  1 drivers
v00000213b9bc1650_0 .net *"_ivl_12", 7 0, L_00000213b9c44320;  1 drivers
v00000213b9bad4f0_0 .net *"_ivl_2", 7 0, L_00000213b9c46260;  1 drivers
v00000213b9bad770_0 .net *"_ivl_3", 7 0, L_00000213b9c452c0;  1 drivers
v00000213b9bad9f0_0 .net *"_ivl_4", 7 0, L_00000213b9c44630;  1 drivers
v00000213b9c3b420_0 .net *"_ivl_6", 7 0, L_00000213b9c45400;  1 drivers
v00000213b9c3c1e0_0 .net *"_ivl_7", 7 0, L_00000213b9c44a90;  1 drivers
v00000213b9c3b060_0 .net *"_ivl_9", 7 0, L_00000213b9c45360;  1 drivers
L_00000213b9c46260 .ufunc/vec4 TD_mix_columns.by2, 8, L_00000213b9c46120 (v00000213b9bdb600_0) S_00000213b9a96a80;
L_00000213b9c45fe0 .ufunc/vec4 TD_mix_columns.by3, 8, L_00000213b9c45360 (v00000213b9bda020_0) S_00000213b9a96c10;
S_00000213b9c3c4d0 .scope generate, "genblk1[5]" "genblk1[5]" 2 38, 2 38 0, S_00000213b9a968f0;
 .timescale 0 0;
P_00000213b9bd0ed0 .param/l "i" 0 2 38, +C4<0101>;
L_00000213b9c44240 .functor XOR 8, L_00000213b9c46e40, L_00000213b9c450e0, C4<00000000>, C4<00000000>;
L_00000213b9c442b0 .functor XOR 8, L_00000213b9c44240, L_00000213b9c46080, C4<00000000>, C4<00000000>;
L_00000213b9c44b70 .functor XOR 8, L_00000213b9c442b0, L_00000213b9c45220, C4<00000000>, C4<00000000>;
v00000213b9c3bf60_0 .net *"_ivl_0", 7 0, L_00000213b9c46d00;  1 drivers
v00000213b9c3ba60_0 .net *"_ivl_11", 7 0, L_00000213b9c45220;  1 drivers
v00000213b9c3b880_0 .net *"_ivl_12", 7 0, L_00000213b9c44b70;  1 drivers
v00000213b9c3b9c0_0 .net *"_ivl_2", 7 0, L_00000213b9c46e40;  1 drivers
v00000213b9c3a8e0_0 .net *"_ivl_3", 7 0, L_00000213b9c45ea0;  1 drivers
v00000213b9c3ac00_0 .net *"_ivl_5", 7 0, L_00000213b9c450e0;  1 drivers
v00000213b9c3ab60_0 .net *"_ivl_6", 7 0, L_00000213b9c44240;  1 drivers
v00000213b9c3afc0_0 .net *"_ivl_8", 7 0, L_00000213b9c46080;  1 drivers
v00000213b9c3c000_0 .net *"_ivl_9", 7 0, L_00000213b9c442b0;  1 drivers
L_00000213b9c46e40 .ufunc/vec4 TD_mix_columns.by3, 8, L_00000213b9c46d00 (v00000213b9bda020_0) S_00000213b9a96c10;
L_00000213b9c450e0 .ufunc/vec4 TD_mix_columns.by2, 8, L_00000213b9c45ea0 (v00000213b9bdb600_0) S_00000213b9a96a80;
S_00000213b9c3c6f0 .scope generate, "genblk1[6]" "genblk1[6]" 2 38, 2 38 0, S_00000213b9a968f0;
 .timescale 0 0;
P_00000213b9bd14d0 .param/l "i" 0 2 38, +C4<0110>;
L_00000213b9c44a20 .functor XOR 8, L_00000213b9c464e0, L_00000213b9c46940, C4<00000000>, C4<00000000>;
L_00000213b9c44010 .functor XOR 8, L_00000213b9c44a20, L_00000213b9c45540, C4<00000000>, C4<00000000>;
L_00000213b9c44160 .functor XOR 8, L_00000213b9c44010, L_00000213b9c461c0, C4<00000000>, C4<00000000>;
v00000213b9c3b240_0 .net *"_ivl_0", 7 0, L_00000213b9c464e0;  1 drivers
v00000213b9c3a520_0 .net *"_ivl_1", 7 0, L_00000213b9c45e00;  1 drivers
v00000213b9c3c140_0 .net *"_ivl_11", 7 0, L_00000213b9c461c0;  1 drivers
v00000213b9c3aca0_0 .net *"_ivl_12", 7 0, L_00000213b9c44160;  1 drivers
v00000213b9c3b100_0 .net *"_ivl_3", 7 0, L_00000213b9c46940;  1 drivers
v00000213b9c3ad40_0 .net *"_ivl_4", 7 0, L_00000213b9c44a20;  1 drivers
v00000213b9c3b920_0 .net *"_ivl_6", 7 0, L_00000213b9c469e0;  1 drivers
v00000213b9c3af20_0 .net *"_ivl_8", 7 0, L_00000213b9c45540;  1 drivers
v00000213b9c3bec0_0 .net *"_ivl_9", 7 0, L_00000213b9c44010;  1 drivers
L_00000213b9c46940 .ufunc/vec4 TD_mix_columns.by3, 8, L_00000213b9c45e00 (v00000213b9bda020_0) S_00000213b9a96c10;
L_00000213b9c45540 .ufunc/vec4 TD_mix_columns.by2, 8, L_00000213b9c469e0 (v00000213b9bdb600_0) S_00000213b9a96a80;
S_00000213b9c3d920 .scope generate, "genblk1[7]" "genblk1[7]" 2 38, 2 38 0, S_00000213b9a968f0;
 .timescale 0 0;
P_00000213b9bd1390 .param/l "i" 0 2 38, +C4<0111>;
L_00000213b9c441d0 .functor XOR 8, L_00000213b9c46b20, L_00000213b9c46da0, C4<00000000>, C4<00000000>;
L_00000213b9c44c50 .functor XOR 8, L_00000213b9c441d0, L_00000213b9c455e0, C4<00000000>, C4<00000000>;
L_00000213b9c43ec0 .functor XOR 8, L_00000213b9c44c50, L_00000213b9c46f80, C4<00000000>, C4<00000000>;
v00000213b9c3a7a0_0 .net *"_ivl_0", 7 0, L_00000213b9c46b20;  1 drivers
v00000213b9c3a840_0 .net *"_ivl_1", 7 0, L_00000213b9c46da0;  1 drivers
v00000213b9c3b2e0_0 .net *"_ivl_11", 7 0, L_00000213b9c46f80;  1 drivers
v00000213b9c3bce0_0 .net *"_ivl_12", 7 0, L_00000213b9c43ec0;  1 drivers
v00000213b9c3a700_0 .net *"_ivl_2", 7 0, L_00000213b9c441d0;  1 drivers
v00000213b9c3c280_0 .net *"_ivl_4", 7 0, L_00000213b9c463a0;  1 drivers
v00000213b9c3be20_0 .net *"_ivl_6", 7 0, L_00000213b9c455e0;  1 drivers
v00000213b9c3b740_0 .net *"_ivl_7", 7 0, L_00000213b9c44c50;  1 drivers
v00000213b9c3c320_0 .net *"_ivl_9", 7 0, L_00000213b9c46ee0;  1 drivers
L_00000213b9c455e0 .ufunc/vec4 TD_mix_columns.by3, 8, L_00000213b9c463a0 (v00000213b9bda020_0) S_00000213b9a96c10;
L_00000213b9c46f80 .ufunc/vec4 TD_mix_columns.by2, 8, L_00000213b9c46ee0 (v00000213b9bdb600_0) S_00000213b9a96a80;
S_00000213b9c3dab0 .scope generate, "genblk1[8]" "genblk1[8]" 2 38, 2 38 0, S_00000213b9a968f0;
 .timescale 0 0;
P_00000213b9bd1650 .param/l "i" 0 2 38, +C4<01000>;
L_00000213b9c44940 .functor XOR 8, L_00000213b9c43420, L_00000213b9c427a0, C4<00000000>, C4<00000000>;
L_00000213b9c440f0 .functor XOR 8, L_00000213b9c44940, L_00000213b9c42840, C4<00000000>, C4<00000000>;
L_00000213b9c44d30 .functor XOR 8, L_00000213b9c440f0, L_00000213b9c45180, C4<00000000>, C4<00000000>;
v00000213b9c3ade0_0 .net *"_ivl_0", 7 0, L_00000213b9c43380;  1 drivers
v00000213b9c3bb00_0 .net *"_ivl_11", 7 0, L_00000213b9c45180;  1 drivers
v00000213b9c3a480_0 .net *"_ivl_12", 7 0, L_00000213b9c44d30;  1 drivers
v00000213b9c3b7e0_0 .net *"_ivl_2", 7 0, L_00000213b9c43420;  1 drivers
v00000213b9c3bba0_0 .net *"_ivl_3", 7 0, L_00000213b9c427a0;  1 drivers
v00000213b9c3a980_0 .net *"_ivl_4", 7 0, L_00000213b9c44940;  1 drivers
v00000213b9c3ae80_0 .net *"_ivl_6", 7 0, L_00000213b9c42840;  1 drivers
v00000213b9c3aa20_0 .net *"_ivl_7", 7 0, L_00000213b9c440f0;  1 drivers
v00000213b9c3bc40_0 .net *"_ivl_9", 7 0, L_00000213b9c45f40;  1 drivers
L_00000213b9c43420 .ufunc/vec4 TD_mix_columns.by2, 8, L_00000213b9c43380 (v00000213b9bdb600_0) S_00000213b9a96a80;
L_00000213b9c45180 .ufunc/vec4 TD_mix_columns.by3, 8, L_00000213b9c45f40 (v00000213b9bda020_0) S_00000213b9a96c10;
S_00000213b9c3dc40 .scope generate, "genblk1[9]" "genblk1[9]" 2 38, 2 38 0, S_00000213b9a968f0;
 .timescale 0 0;
P_00000213b9bd0b10 .param/l "i" 0 2 38, +C4<01001>;
L_00000213b9c43fa0 .functor XOR 8, L_00000213b9c42d40, L_00000213b9c42520, C4<00000000>, C4<00000000>;
L_00000213b9c449b0 .functor XOR 8, L_00000213b9c43fa0, L_00000213b9c42fc0, C4<00000000>, C4<00000000>;
L_00000213b9c44be0 .functor XOR 8, L_00000213b9c449b0, L_00000213b9c43060, C4<00000000>, C4<00000000>;
v00000213b9c3bd80_0 .net *"_ivl_0", 7 0, L_00000213b9c42480;  1 drivers
v00000213b9c3b1a0_0 .net *"_ivl_11", 7 0, L_00000213b9c43060;  1 drivers
v00000213b9c3c0a0_0 .net *"_ivl_12", 7 0, L_00000213b9c44be0;  1 drivers
v00000213b9c3a5c0_0 .net *"_ivl_2", 7 0, L_00000213b9c42d40;  1 drivers
v00000213b9c3b380_0 .net *"_ivl_3", 7 0, L_00000213b9c42e80;  1 drivers
v00000213b9c3aac0_0 .net *"_ivl_5", 7 0, L_00000213b9c42520;  1 drivers
v00000213b9c3b4c0_0 .net *"_ivl_6", 7 0, L_00000213b9c43fa0;  1 drivers
v00000213b9c3a660_0 .net *"_ivl_8", 7 0, L_00000213b9c42fc0;  1 drivers
v00000213b9c3b560_0 .net *"_ivl_9", 7 0, L_00000213b9c449b0;  1 drivers
L_00000213b9c42d40 .ufunc/vec4 TD_mix_columns.by3, 8, L_00000213b9c42480 (v00000213b9bda020_0) S_00000213b9a96c10;
L_00000213b9c42520 .ufunc/vec4 TD_mix_columns.by2, 8, L_00000213b9c42e80 (v00000213b9bdb600_0) S_00000213b9a96a80;
S_00000213b9c3ddd0 .scope generate, "genblk1[10]" "genblk1[10]" 2 38, 2 38 0, S_00000213b9a968f0;
 .timescale 0 0;
P_00000213b9bd0f90 .param/l "i" 0 2 38, +C4<01010>;
L_00000213b9c44400 .functor XOR 8, L_00000213b9c439c0, L_00000213b9c423e0, C4<00000000>, C4<00000000>;
L_00000213b9c43f30 .functor XOR 8, L_00000213b9c44400, L_00000213b9c43880, C4<00000000>, C4<00000000>;
L_00000213b9c448d0 .functor XOR 8, L_00000213b9c43f30, L_00000213b9c437e0, C4<00000000>, C4<00000000>;
v00000213b9c3b600_0 .net *"_ivl_0", 7 0, L_00000213b9c439c0;  1 drivers
v00000213b9c3b6a0_0 .net *"_ivl_1", 7 0, L_00000213b9c42c00;  1 drivers
v00000213b9c3fe50_0 .net *"_ivl_11", 7 0, L_00000213b9c437e0;  1 drivers
v00000213b9c3ea50_0 .net *"_ivl_12", 7 0, L_00000213b9c448d0;  1 drivers
v00000213b9c3ed70_0 .net *"_ivl_3", 7 0, L_00000213b9c423e0;  1 drivers
v00000213b9c3dfb0_0 .net *"_ivl_4", 7 0, L_00000213b9c44400;  1 drivers
v00000213b9c3fc70_0 .net *"_ivl_6", 7 0, L_00000213b9c42980;  1 drivers
v00000213b9c3f4f0_0 .net *"_ivl_8", 7 0, L_00000213b9c43880;  1 drivers
v00000213b9c3e4b0_0 .net *"_ivl_9", 7 0, L_00000213b9c43f30;  1 drivers
L_00000213b9c423e0 .ufunc/vec4 TD_mix_columns.by3, 8, L_00000213b9c42c00 (v00000213b9bda020_0) S_00000213b9a96c10;
L_00000213b9c43880 .ufunc/vec4 TD_mix_columns.by2, 8, L_00000213b9c42980 (v00000213b9bdb600_0) S_00000213b9a96a80;
S_00000213b9c3ff70 .scope generate, "genblk1[11]" "genblk1[11]" 2 38, 2 38 0, S_00000213b9a968f0;
 .timescale 0 0;
P_00000213b9bd1490 .param/l "i" 0 2 38, +C4<01011>;
L_00000213b9c44da0 .functor XOR 8, L_00000213b9c42160, L_00000213b9c43920, C4<00000000>, C4<00000000>;
L_00000213b9c44cc0 .functor XOR 8, L_00000213b9c44da0, L_00000213b9c42f20, C4<00000000>, C4<00000000>;
L_00000213b9c447f0 .functor XOR 8, L_00000213b9c44cc0, L_00000213b9c425c0, C4<00000000>, C4<00000000>;
v00000213b9c3e690_0 .net *"_ivl_0", 7 0, L_00000213b9c42160;  1 drivers
v00000213b9c3fd10_0 .net *"_ivl_1", 7 0, L_00000213b9c43920;  1 drivers
v00000213b9c3fb30_0 .net *"_ivl_11", 7 0, L_00000213b9c425c0;  1 drivers
v00000213b9c3f950_0 .net *"_ivl_12", 7 0, L_00000213b9c447f0;  1 drivers
v00000213b9c3e550_0 .net *"_ivl_2", 7 0, L_00000213b9c44da0;  1 drivers
v00000213b9c3ee10_0 .net *"_ivl_4", 7 0, L_00000213b9c420c0;  1 drivers
v00000213b9c3fdb0_0 .net *"_ivl_6", 7 0, L_00000213b9c42f20;  1 drivers
v00000213b9c3ef50_0 .net *"_ivl_7", 7 0, L_00000213b9c44cc0;  1 drivers
v00000213b9c3e050_0 .net *"_ivl_9", 7 0, L_00000213b9c42200;  1 drivers
L_00000213b9c42f20 .ufunc/vec4 TD_mix_columns.by3, 8, L_00000213b9c420c0 (v00000213b9bda020_0) S_00000213b9a96c10;
L_00000213b9c425c0 .ufunc/vec4 TD_mix_columns.by2, 8, L_00000213b9c42200 (v00000213b9bdb600_0) S_00000213b9a96a80;
S_00000213b9c40100 .scope generate, "genblk1[12]" "genblk1[12]" 2 38, 2 38 0, S_00000213b9a968f0;
 .timescale 0 0;
P_00000213b9bd0f50 .param/l "i" 0 2 38, +C4<01100>;
L_00000213b9c44860 .functor XOR 8, L_00000213b9c42ac0, L_00000213b9c41f80, C4<00000000>, C4<00000000>;
L_00000213b9c44780 .functor XOR 8, L_00000213b9c44860, L_00000213b9c42020, C4<00000000>, C4<00000000>;
L_00000213b9c44080 .functor XOR 8, L_00000213b9c44780, L_00000213b9c42340, C4<00000000>, C4<00000000>;
v00000213b9c3e190_0 .net *"_ivl_0", 7 0, L_00000213b9c42700;  1 drivers
v00000213b9c3e230_0 .net *"_ivl_11", 7 0, L_00000213b9c42340;  1 drivers
v00000213b9c3e5f0_0 .net *"_ivl_12", 7 0, L_00000213b9c44080;  1 drivers
v00000213b9c3e0f0_0 .net *"_ivl_2", 7 0, L_00000213b9c42ac0;  1 drivers
v00000213b9c3f590_0 .net *"_ivl_3", 7 0, L_00000213b9c41f80;  1 drivers
v00000213b9c3e2d0_0 .net *"_ivl_4", 7 0, L_00000213b9c44860;  1 drivers
v00000213b9c3eff0_0 .net *"_ivl_6", 7 0, L_00000213b9c42020;  1 drivers
v00000213b9c3f1d0_0 .net *"_ivl_7", 7 0, L_00000213b9c44780;  1 drivers
v00000213b9c3eeb0_0 .net *"_ivl_9", 7 0, L_00000213b9c42b60;  1 drivers
L_00000213b9c42ac0 .ufunc/vec4 TD_mix_columns.by2, 8, L_00000213b9c42700 (v00000213b9bdb600_0) S_00000213b9a96a80;
L_00000213b9c42340 .ufunc/vec4 TD_mix_columns.by3, 8, L_00000213b9c42b60 (v00000213b9bda020_0) S_00000213b9a96c10;
S_00000213b9c40290 .scope generate, "genblk1[13]" "genblk1[13]" 2 38, 2 38 0, S_00000213b9a968f0;
 .timescale 0 0;
P_00000213b9bd1790 .param/l "i" 0 2 38, +C4<01101>;
L_00000213b9bcfe60 .functor XOR 8, L_00000213b9c42660, L_00000213b9c428e0, C4<00000000>, C4<00000000>;
L_00000213b9c446a0 .functor XOR 8, L_00000213b9bcfe60, L_00000213b9c43560, C4<00000000>, C4<00000000>;
L_00000213b9c445c0 .functor XOR 8, L_00000213b9c446a0, L_00000213b9c41ee0, C4<00000000>, C4<00000000>;
v00000213b9c3e370_0 .net *"_ivl_0", 7 0, L_00000213b9c432e0;  1 drivers
v00000213b9c3f450_0 .net *"_ivl_11", 7 0, L_00000213b9c41ee0;  1 drivers
v00000213b9c3e410_0 .net *"_ivl_12", 7 0, L_00000213b9c445c0;  1 drivers
v00000213b9c3fa90_0 .net *"_ivl_2", 7 0, L_00000213b9c42660;  1 drivers
v00000213b9c3ec30_0 .net *"_ivl_3", 7 0, L_00000213b9c434c0;  1 drivers
v00000213b9c3e730_0 .net *"_ivl_5", 7 0, L_00000213b9c428e0;  1 drivers
v00000213b9c3e7d0_0 .net *"_ivl_6", 7 0, L_00000213b9bcfe60;  1 drivers
v00000213b9c3ecd0_0 .net *"_ivl_8", 7 0, L_00000213b9c43560;  1 drivers
v00000213b9c3e870_0 .net *"_ivl_9", 7 0, L_00000213b9c446a0;  1 drivers
L_00000213b9c42660 .ufunc/vec4 TD_mix_columns.by3, 8, L_00000213b9c432e0 (v00000213b9bda020_0) S_00000213b9a96c10;
L_00000213b9c428e0 .ufunc/vec4 TD_mix_columns.by2, 8, L_00000213b9c434c0 (v00000213b9bdb600_0) S_00000213b9a96a80;
S_00000213b9c40c40 .scope generate, "genblk1[14]" "genblk1[14]" 2 38, 2 38 0, S_00000213b9a968f0;
 .timescale 0 0;
P_00000213b9bd1010 .param/l "i" 0 2 38, +C4<01110>;
L_00000213b9bcff40 .functor XOR 8, L_00000213b9c43740, L_00000213b9c42a20, C4<00000000>, C4<00000000>;
L_00000213b9bcfd80 .functor XOR 8, L_00000213b9bcff40, L_00000213b9c43ba0, C4<00000000>, C4<00000000>;
L_00000213b9bcfdf0 .functor XOR 8, L_00000213b9bcfd80, L_00000213b9c41e40, C4<00000000>, C4<00000000>;
v00000213b9c3e910_0 .net *"_ivl_0", 7 0, L_00000213b9c43740;  1 drivers
v00000213b9c3e9b0_0 .net *"_ivl_1", 7 0, L_00000213b9c41da0;  1 drivers
v00000213b9c3eaf0_0 .net *"_ivl_11", 7 0, L_00000213b9c41e40;  1 drivers
v00000213b9c3eb90_0 .net *"_ivl_12", 7 0, L_00000213b9bcfdf0;  1 drivers
v00000213b9c3f630_0 .net *"_ivl_3", 7 0, L_00000213b9c42a20;  1 drivers
v00000213b9c3f270_0 .net *"_ivl_4", 7 0, L_00000213b9bcff40;  1 drivers
v00000213b9c3f090_0 .net *"_ivl_6", 7 0, L_00000213b9c42de0;  1 drivers
v00000213b9c3f130_0 .net *"_ivl_8", 7 0, L_00000213b9c43ba0;  1 drivers
v00000213b9c3f310_0 .net *"_ivl_9", 7 0, L_00000213b9bcfd80;  1 drivers
L_00000213b9c42a20 .ufunc/vec4 TD_mix_columns.by3, 8, L_00000213b9c41da0 (v00000213b9bda020_0) S_00000213b9a96c10;
L_00000213b9c43ba0 .ufunc/vec4 TD_mix_columns.by2, 8, L_00000213b9c42de0 (v00000213b9bdb600_0) S_00000213b9a96a80;
S_00000213b9c41280 .scope generate, "genblk1[15]" "genblk1[15]" 2 38, 2 38 0, S_00000213b9a968f0;
 .timescale 0 0;
P_00000213b9bd1290 .param/l "i" 0 2 38, +C4<01111>;
L_00000213b9bcf990 .functor XOR 8, L_00000213b9c43b00, L_00000213b9c422a0, C4<00000000>, C4<00000000>;
L_00000213b9bcfa70 .functor XOR 8, L_00000213b9bcf990, L_00000213b9c43c40, C4<00000000>, C4<00000000>;
L_00000213b9bcfb50 .functor XOR 8, L_00000213b9bcfa70, L_00000213b9c436a0, C4<00000000>, C4<00000000>;
v00000213b9c3f3b0_0 .net *"_ivl_0", 7 0, L_00000213b9c43b00;  1 drivers
v00000213b9c3f6d0_0 .net *"_ivl_1", 7 0, L_00000213b9c422a0;  1 drivers
v00000213b9c3f770_0 .net *"_ivl_11", 7 0, L_00000213b9c436a0;  1 drivers
v00000213b9c3f810_0 .net *"_ivl_12", 7 0, L_00000213b9bcfb50;  1 drivers
v00000213b9c3f8b0_0 .net *"_ivl_2", 7 0, L_00000213b9bcf990;  1 drivers
v00000213b9c3f9f0_0 .net *"_ivl_4", 7 0, L_00000213b9c42ca0;  1 drivers
v00000213b9c3fbd0_0 .net *"_ivl_6", 7 0, L_00000213b9c43c40;  1 drivers
v00000213b9c43600_0 .net *"_ivl_7", 7 0, L_00000213b9bcfa70;  1 drivers
v00000213b9c431a0_0 .net *"_ivl_9", 7 0, L_00000213b9c43240;  1 drivers
L_00000213b9c43c40 .ufunc/vec4 TD_mix_columns.by3, 8, L_00000213b9c42ca0 (v00000213b9bda020_0) S_00000213b9a96c10;
L_00000213b9c436a0 .ufunc/vec4 TD_mix_columns.by2, 8, L_00000213b9c43240 (v00000213b9bdb600_0) S_00000213b9a96a80;
# The file index is used to find the file name in the following table.
:file_names 3;
    "N/A";
    "<interactive>";
    "mix_columns.v";
