#! /c/Source/iverilog-install/bin/vvp
:ivl_version "12.0 (devel)" "(s20150603-1539-g2693dd32b)";
:ivl_delay_selection "TYPICAL";
:vpi_time_precision + 0;
:vpi_module "D:\Programs\iverilog\lib\ivl\system.vpi";
:vpi_module "D:\Programs\iverilog\lib\ivl\vhdl_sys.vpi";
:vpi_module "D:\Programs\iverilog\lib\ivl\vhdl_textio.vpi";
:vpi_module "D:\Programs\iverilog\lib\ivl\v2005_math.vpi";
:vpi_module "D:\Programs\iverilog\lib\ivl\va_math.vpi";
S_000001df3df20bc0 .scope module, "tb_inv_mix_columns" "tb_inv_mix_columns" 2 2;
 .timescale 0 0;
v000001df3df86350_0 .var "i_state", 127 0;
v000001df3df847d0_0 .net "o_state", 127 0, L_000001df3df8e220;  1 drivers
E_000001df3df14000 .event anyedge, v000001df3df84d70_0;
S_000001df3ded89b0 .scope module, "inv_mixer" "inv_mix_columns" 2 9, 3 12 0, S_000001df3df20bc0;
 .timescale 0 0;
    .port_info 0 /INPUT 128 "i_state";
    .port_info 1 /OUTPUT 128 "o_state";
v000001df3df85950_0 .net "i_state", 127 0, v000001df3df86350_0;  1 drivers
v000001df3df84d70_0 .net "o_state", 127 0, L_000001df3df8e220;  alias, 1 drivers
L_000001df3df859f0 .part v000001df3df86350_0, 96, 8;
L_000001df3df85b30 .part v000001df3df86350_0, 104, 8;
L_000001df3df84ff0 .part v000001df3df86350_0, 112, 8;
L_000001df3df85ef0 .part v000001df3df86350_0, 120, 8;
L_000001df3df863f0 .part v000001df3df86350_0, 96, 8;
L_000001df3df86490 .part v000001df3df86350_0, 104, 8;
L_000001df3df84870 .part v000001df3df86350_0, 112, 8;
L_000001df3df84b90 .part v000001df3df86350_0, 120, 8;
L_000001df3df84e10 .part v000001df3df86350_0, 96, 8;
L_000001df3df85590 .part v000001df3df86350_0, 104, 8;
L_000001df3df85630 .part v000001df3df86350_0, 112, 8;
L_000001df3df85770 .part v000001df3df86350_0, 120, 8;
L_000001df3df89550 .part v000001df3df86350_0, 96, 8;
L_000001df3df895f0 .part v000001df3df86350_0, 104, 8;
L_000001df3df89050 .part v000001df3df86350_0, 112, 8;
L_000001df3df879d0 .part v000001df3df86350_0, 120, 8;
L_000001df3df87cf0 .part v000001df3df86350_0, 64, 8;
L_000001df3df89230 .part v000001df3df86350_0, 72, 8;
L_000001df3df89190 .part v000001df3df86350_0, 80, 8;
L_000001df3df88290 .part v000001df3df86350_0, 88, 8;
L_000001df3df890f0 .part v000001df3df86350_0, 64, 8;
L_000001df3df888d0 .part v000001df3df86350_0, 72, 8;
L_000001df3df87e30 .part v000001df3df86350_0, 80, 8;
L_000001df3df87d90 .part v000001df3df86350_0, 88, 8;
L_000001df3df87ed0 .part v000001df3df86350_0, 64, 8;
L_000001df3df880b0 .part v000001df3df86350_0, 72, 8;
L_000001df3df88470 .part v000001df3df86350_0, 80, 8;
L_000001df3df88f10 .part v000001df3df86350_0, 88, 8;
L_000001df3df881f0 .part v000001df3df86350_0, 64, 8;
L_000001df3df89410 .part v000001df3df86350_0, 72, 8;
L_000001df3df88b50 .part v000001df3df86350_0, 80, 8;
L_000001df3df89690 .part v000001df3df86350_0, 88, 8;
L_000001df3df883d0 .part v000001df3df86350_0, 32, 8;
L_000001df3df885b0 .part v000001df3df86350_0, 40, 8;
L_000001df3df88790 .part v000001df3df86350_0, 48, 8;
L_000001df3df88d30 .part v000001df3df86350_0, 56, 8;
L_000001df3df88fb0 .part v000001df3df86350_0, 32, 8;
L_000001df3df8ee00 .part v000001df3df86350_0, 40, 8;
L_000001df3df8fc60 .part v000001df3df86350_0, 48, 8;
L_000001df3df8fb20 .part v000001df3df86350_0, 56, 8;
L_000001df3df8fee0 .part v000001df3df86350_0, 32, 8;
L_000001df3df8fe40 .part v000001df3df86350_0, 40, 8;
L_000001df3df8f1c0 .part v000001df3df86350_0, 48, 8;
L_000001df3df8df00 .part v000001df3df86350_0, 56, 8;
L_000001df3df8e360 .part v000001df3df86350_0, 32, 8;
L_000001df3df8dfa0 .part v000001df3df86350_0, 40, 8;
L_000001df3df8e540 .part v000001df3df86350_0, 48, 8;
L_000001df3df903e0 .part v000001df3df86350_0, 56, 8;
L_000001df3df90160 .part v000001df3df86350_0, 0, 8;
L_000001df3df8de60 .part v000001df3df86350_0, 8, 8;
L_000001df3df90340 .part v000001df3df86350_0, 16, 8;
L_000001df3df8e040 .part v000001df3df86350_0, 24, 8;
L_000001df3df8f940 .part v000001df3df86350_0, 0, 8;
L_000001df3df8f800 .part v000001df3df86350_0, 8, 8;
L_000001df3df90200 .part v000001df3df86350_0, 16, 8;
L_000001df3df8ef40 .part v000001df3df86350_0, 24, 8;
L_000001df3df90520 .part v000001df3df86350_0, 0, 8;
L_000001df3df8ec20 .part v000001df3df86350_0, 8, 8;
L_000001df3df8e400 .part v000001df3df86350_0, 16, 8;
L_000001df3df8f080 .part v000001df3df86350_0, 24, 8;
LS_000001df3df8e220_0_0 .concat8 [ 8 8 8 8], L_000001df3df8daf0, L_000001df3df8dc40, L_000001df3df8d7e0, L_000001df3df8d8c0;
LS_000001df3df8e220_0_4 .concat8 [ 8 8 8 8], L_000001df3df8d700, L_000001df3df8ceb0, L_000001df3df8d540, L_000001df3df8dd20;
LS_000001df3df8e220_0_8 .concat8 [ 8 8 8 8], L_000001df3df20860, L_000001df3df20780, L_000001df3df205c0, L_000001df3df1fde0;
LS_000001df3df8e220_0_12 .concat8 [ 8 8 8 8], L_000001df3df1fec0, L_000001df3df20320, L_000001df3df20550, L_000001df3df200f0;
L_000001df3df8e220 .concat8 [ 32 32 32 32], LS_000001df3df8e220_0_0, LS_000001df3df8e220_0_4, LS_000001df3df8e220_0_8, LS_000001df3df8e220_0_12;
L_000001df3df8e2c0 .part v000001df3df86350_0, 0, 8;
L_000001df3df8f260 .part v000001df3df86350_0, 8, 8;
L_000001df3df8efe0 .part v000001df3df86350_0, 16, 8;
L_000001df3df8e9a0 .part v000001df3df86350_0, 24, 8;
S_000001df3df21b60 .scope function.vec4.s8, "by2" "by2" 3 18, 3 18 0, S_000001df3ded89b0;
 .timescale 0 0;
; Variable by2 is vec4 return value of scope S_000001df3df21b60
v000001df3df17f20_0 .var "x", 7 0;
TD_tb_inv_mix_columns.inv_mixer.by2 ;
    %load/vec4 v000001df3df17f20_0;
    %parti/s 1, 7, 4;
    %pad/u 32;
    %cmpi/e 1, 0, 32;
    %jmp/0xz  T_0.0, 4;
    %load/vec4 v000001df3df17f20_0;
    %ix/load 4, 1, 0;
    %flag_set/imm 4, 0;
    %shiftl 4;
    %pushi/vec4 27, 0, 8;
    %xor;
    %ret/vec4 0, 0, 8;  Assign to by2 (store_vec4_to_lval)
    %jmp T_0.1;
T_0.0 ;
    %load/vec4 v000001df3df17f20_0;
    %ix/load 4, 1, 0;
    %flag_set/imm 4, 0;
    %shiftl 4;
    %ret/vec4 0, 0, 8;  Assign to by2 (store_vec4_to_lval)
T_0.1 ;
    %end;
S_000001df3def2830 .scope function.vec4.s8, "by9" "by9" 3 39, 3 39 0, S_000001df3ded89b0;
 .timescale 0 0;
; Variable by9 is vec4 return value of scope S_000001df3def2830
v000001df3df09b90_0 .var "x", 7 0;
TD_tb_inv_mix_columns.inv_mixer.by9 ;
    %load/vec4 v000001df3df09b90_0;
    %store/vec4 v000001df3df17f20_0, 0, 8;
    %callf/vec4 TD_tb_inv_mix_columns.inv_mixer.by2, S_000001df3df21b60;
    %store/vec4 v000001df3df17f20_0, 0, 8;
    %callf/vec4 TD_tb_inv_mix_columns.inv_mixer.by2, S_000001df3df21b60;
    %store/vec4 v000001df3df17f20_0, 0, 8;
    %callf/vec4 TD_tb_inv_mix_columns.inv_mixer.by2, S_000001df3df21b60;
    %load/vec4 v000001df3df09b90_0;
    %xor;
    %ret/vec4 0, 0, 8;  Assign to by9 (store_vec4_to_lval)
    %end;
S_000001df3def29c0 .scope function.vec4.s8, "byB" "byB" 3 31, 3 31 0, S_000001df3ded89b0;
 .timescale 0 0;
; Variable byB is vec4 return value of scope S_000001df3def29c0
v000001df3df09410_0 .var "x", 7 0;
TD_tb_inv_mix_columns.inv_mixer.byB ;
    %load/vec4 v000001df3df09410_0;
    %store/vec4 v000001df3df17f20_0, 0, 8;
    %callf/vec4 TD_tb_inv_mix_columns.inv_mixer.by2, S_000001df3df21b60;
    %store/vec4 v000001df3df17f20_0, 0, 8;
    %callf/vec4 TD_tb_inv_mix_columns.inv_mixer.by2, S_000001df3df21b60;
    %store/vec4 v000001df3df17f20_0, 0, 8;
    %callf/vec4 TD_tb_inv_mix_columns.inv_mixer.by2, S_000001df3df21b60;
    %load/vec4 v000001df3df09410_0;
    %store/vec4 v000001df3df17f20_0, 0, 8;
    %callf/vec4 TD_tb_inv_mix_columns.inv_mixer.by2, S_000001df3df21b60;
    %xor;
    %load/vec4 v000001df3df09410_0;
    %xor;
    %ret/vec4 0, 0, 8;  Assign to byB (store_vec4_to_lval)
    %end;
S_000001df3ddc6930 .scope function.vec4.s8, "byD" "byD" 3 35, 3 35 0, S_000001df3ded89b0;
 .timescale 0 0;
; Variable byD is vec4 return value of scope S_000001df3ddc6930
v000001df3def9020_0 .var "x", 7 0;
TD_tb_inv_mix_columns.inv_mixer.byD ;
    %load/vec4 v000001df3def9020_0;
    %store/vec4 v000001df3df17f20_0, 0, 8;
    %callf/vec4 TD_tb_inv_mix_columns.inv_mixer.by2, S_000001df3df21b60;
    %store/vec4 v000001df3df17f20_0, 0, 8;
    %callf/vec4 TD_tb_inv_mix_columns.inv_mixer.by2, S_000001df3df21b60;
    %store/vec4 v000001df3df17f20_0, 0, 8;
    %callf/vec4 TD_tb_inv_mix_columns.inv_mixer.by2, S_000001df3df21b60;
    %load/vec4 v000001df3def9020_0;
    %store/vec4 v000001df3df17f20_0, 0, 8;
    %callf/vec4 TD_tb_inv_mix_columns.inv_mixer.by2, S_000001df3df21b60;
    %store/vec4 v000001df3df17f20_0, 0, 8;
    %callf/vec4 TD_tb_inv_mix_columns.inv_mixer.by2, S_000001df3df21b60;
    %xor;
    %load/vec4 v000001df3def9020_0;
    %xor;
    %ret/vec4 0, 0, 8;  Assign to byD (store_vec4_to_lval)
    %end;
S_000001df3ddc6ac0 .scope function.vec4.s8, "byE" "byE" 3 27, 3 27 0, S_000001df3ded89b0;
 .timescale 0 0;
; Variable byE is vec4 return value of scope S_000001df3ddc6ac0
v000001df3def8080_0 .var "x", 7 0;
TD_tb_inv_mix_columns.inv_mixer.byE ;
    %load/vec4 v000001df3def8080_0;
    %store/vec4 v000001df3df17f20_0, 0, 8;
    %callf/vec4 TD_tb_inv_mix_columns.inv_mixer.by2, S_000001df3df21b60;
    %store/vec4 v000001df3df17f20_0, 0, 8;
    %callf/vec4 TD_tb_inv_mix_columns.inv_mixer.by2, S_000001df3df21b60;
    %store/vec4 v000001df3df17f20_0, 0, 8;
    %callf/vec4 TD_tb_inv_mix_columns.inv_mixer.by2, S_000001df3df21b60;
    %load/vec4 v000001df3def8080_0;
    %store/vec4 v000001df3df17f20_0, 0, 8;
    %callf/vec4 TD_tb_inv_mix_columns.inv_mixer.by2, S_000001df3df21b60;
    %store/vec4 v000001df3df17f20_0, 0, 8;
    %callf/vec4 TD_tb_inv_mix_columns.inv_mixer.by2, S_000001df3df21b60;
    %xor;
    %load/vec4 v000001df3def8080_0;
    %store/vec4 v000001df3df17f20_0, 0, 8;
    %callf/vec4 TD_tb_inv_mix_columns.inv_mixer.by2, S_000001df3df21b60;
    %xor;
    %ret/vec4 0, 0, 8;  Assign to byE (store_vec4_to_lval)
    %end;
S_000001df3df21200 .scope generate, "genblk1[0]" "genblk1[0]" 3 45, 3 45 0, S_000001df3ded89b0;
 .timescale 0 0;
P_000001df3df13880 .param/l "i" 0 3 45, +C4<00>;
L_000001df3df8d1c0 .functor XOR 8, L_000001df3df8e680, L_000001df3df8e720, C4<00000000>, C4<00000000>;
L_000001df3df8dbd0 .functor XOR 8, L_000001df3df8d1c0, L_000001df3df8e860, C4<00000000>, C4<00000000>;
L_000001df3df8daf0 .functor XOR 8, L_000001df3df8dbd0, L_000001df3df8f4e0, C4<00000000>, C4<00000000>;
v000001df3def8b20_0 .net *"_ivl_0", 7 0, L_000001df3df8e2c0;  1 drivers
v000001df3dee2dd0_0 .net *"_ivl_10", 7 0, L_000001df3df8e860;  1 drivers
v000001df3dee3230_0 .net *"_ivl_11", 7 0, L_000001df3df8dbd0;  1 drivers
v000001df3df7a120_0 .net *"_ivl_13", 7 0, L_000001df3df8e9a0;  1 drivers
v000001df3df7b7a0_0 .net *"_ivl_15", 7 0, L_000001df3df8f4e0;  1 drivers
v000001df3df7aee0_0 .net *"_ivl_16", 7 0, L_000001df3df8daf0;  1 drivers
v000001df3df7a800_0 .net *"_ivl_2", 7 0, L_000001df3df8e680;  1 drivers
v000001df3df7a580_0 .net *"_ivl_3", 7 0, L_000001df3df8f260;  1 drivers
v000001df3df7bde0_0 .net *"_ivl_5", 7 0, L_000001df3df8e720;  1 drivers
v000001df3df7b520_0 .net *"_ivl_6", 7 0, L_000001df3df8d1c0;  1 drivers
v000001df3df7ad00_0 .net *"_ivl_8", 7 0, L_000001df3df8efe0;  1 drivers
L_000001df3df8e680 .ufunc/vec4 TD_tb_inv_mix_columns.inv_mixer.byE, 8, L_000001df3df8e2c0 (v000001df3def8080_0) S_000001df3ddc6ac0;
L_000001df3df8e720 .ufunc/vec4 TD_tb_inv_mix_columns.inv_mixer.by9, 8, L_000001df3df8f260 (v000001df3df09b90_0) S_000001df3def2830;
L_000001df3df8e860 .ufunc/vec4 TD_tb_inv_mix_columns.inv_mixer.byD, 8, L_000001df3df8efe0 (v000001df3def9020_0) S_000001df3ddc6930;
L_000001df3df8f4e0 .ufunc/vec4 TD_tb_inv_mix_columns.inv_mixer.byB, 8, L_000001df3df8e9a0 (v000001df3df09410_0) S_000001df3def29c0;
S_000001df3df21390 .scope generate, "genblk1[1]" "genblk1[1]" 3 45, 3 45 0, S_000001df3ded89b0;
 .timescale 0 0;
P_000001df3df13fc0 .param/l "i" 0 3 45, +C4<01>;
L_000001df3df8d0e0 .functor XOR 8, L_000001df3df905c0, L_000001df3df8e0e0, C4<00000000>, C4<00000000>;
L_000001df3df8da80 .functor XOR 8, L_000001df3df8d0e0, L_000001df3df8e180, C4<00000000>, C4<00000000>;
L_000001df3df8dc40 .functor XOR 8, L_000001df3df8da80, L_000001df3df8f9e0, C4<00000000>, C4<00000000>;
v000001df3df7b200_0 .net *"_ivl_0", 7 0, L_000001df3df90520;  1 drivers
v000001df3df7b840_0 .net *"_ivl_10", 7 0, L_000001df3df8e180;  1 drivers
v000001df3df7bac0_0 .net *"_ivl_11", 7 0, L_000001df3df8da80;  1 drivers
v000001df3df7abc0_0 .net *"_ivl_13", 7 0, L_000001df3df8f080;  1 drivers
v000001df3df7a760_0 .net *"_ivl_15", 7 0, L_000001df3df8f9e0;  1 drivers
v000001df3df7b5c0_0 .net *"_ivl_16", 7 0, L_000001df3df8dc40;  1 drivers
v000001df3df7bf20_0 .net *"_ivl_2", 7 0, L_000001df3df905c0;  1 drivers
v000001df3df7a6c0_0 .net *"_ivl_3", 7 0, L_000001df3df8ec20;  1 drivers
v000001df3df7ada0_0 .net *"_ivl_5", 7 0, L_000001df3df8e0e0;  1 drivers
v000001df3df7a300_0 .net *"_ivl_6", 7 0, L_000001df3df8d0e0;  1 drivers
v000001df3df7a620_0 .net *"_ivl_8", 7 0, L_000001df3df8e400;  1 drivers
L_000001df3df905c0 .ufunc/vec4 TD_tb_inv_mix_columns.inv_mixer.byB, 8, L_000001df3df90520 (v000001df3df09410_0) S_000001df3def29c0;
L_000001df3df8e0e0 .ufunc/vec4 TD_tb_inv_mix_columns.inv_mixer.byE, 8, L_000001df3df8ec20 (v000001df3def8080_0) S_000001df3ddc6ac0;
L_000001df3df8e180 .ufunc/vec4 TD_tb_inv_mix_columns.inv_mixer.by9, 8, L_000001df3df8e400 (v000001df3df09b90_0) S_000001df3def2830;
L_000001df3df8f9e0 .ufunc/vec4 TD_tb_inv_mix_columns.inv_mixer.byD, 8, L_000001df3df8f080 (v000001df3def9020_0) S_000001df3ddc6930;
S_000001df3df21520 .scope generate, "genblk1[2]" "genblk1[2]" 3 45, 3 45 0, S_000001df3ded89b0;
 .timescale 0 0;
P_000001df3df13600 .param/l "i" 0 3 45, +C4<010>;
L_000001df3df8d000 .functor XOR 8, L_000001df3df90480, L_000001df3df8e5e0, C4<00000000>, C4<00000000>;
L_000001df3df8d070 .functor XOR 8, L_000001df3df8d000, L_000001df3df8e7c0, C4<00000000>, C4<00000000>;
L_000001df3df8d7e0 .functor XOR 8, L_000001df3df8d070, L_000001df3df902a0, C4<00000000>, C4<00000000>;
v000001df3df7a080_0 .net *"_ivl_0", 7 0, L_000001df3df8f940;  1 drivers
v000001df3df7a8a0_0 .net *"_ivl_10", 7 0, L_000001df3df8e7c0;  1 drivers
v000001df3df7a4e0_0 .net *"_ivl_11", 7 0, L_000001df3df8d070;  1 drivers
v000001df3df7a9e0_0 .net *"_ivl_13", 7 0, L_000001df3df8ef40;  1 drivers
v000001df3df7b3e0_0 .net *"_ivl_15", 7 0, L_000001df3df902a0;  1 drivers
v000001df3df7ac60_0 .net *"_ivl_16", 7 0, L_000001df3df8d7e0;  1 drivers
v000001df3df7ba20_0 .net *"_ivl_2", 7 0, L_000001df3df90480;  1 drivers
v000001df3df7bc00_0 .net *"_ivl_3", 7 0, L_000001df3df8f800;  1 drivers
v000001df3df7b8e0_0 .net *"_ivl_5", 7 0, L_000001df3df8e5e0;  1 drivers
v000001df3df7a1c0_0 .net *"_ivl_6", 7 0, L_000001df3df8d000;  1 drivers
v000001df3df7a940_0 .net *"_ivl_8", 7 0, L_000001df3df90200;  1 drivers
L_000001df3df90480 .ufunc/vec4 TD_tb_inv_mix_columns.inv_mixer.byD, 8, L_000001df3df8f940 (v000001df3def9020_0) S_000001df3ddc6930;
L_000001df3df8e5e0 .ufunc/vec4 TD_tb_inv_mix_columns.inv_mixer.byB, 8, L_000001df3df8f800 (v000001df3df09410_0) S_000001df3def29c0;
L_000001df3df8e7c0 .ufunc/vec4 TD_tb_inv_mix_columns.inv_mixer.byE, 8, L_000001df3df90200 (v000001df3def8080_0) S_000001df3ddc6ac0;
L_000001df3df902a0 .ufunc/vec4 TD_tb_inv_mix_columns.inv_mixer.by9, 8, L_000001df3df8ef40 (v000001df3df09b90_0) S_000001df3def2830;
S_000001df3df7c440 .scope generate, "genblk1[3]" "genblk1[3]" 3 45, 3 45 0, S_000001df3ded89b0;
 .timescale 0 0;
P_000001df3df13900 .param/l "i" 0 3 45, +C4<011>;
L_000001df3df8cf20 .functor XOR 8, L_000001df3df8eea0, L_000001df3df8f440, C4<00000000>, C4<00000000>;
L_000001df3df8db60 .functor XOR 8, L_000001df3df8cf20, L_000001df3df8eb80, C4<00000000>, C4<00000000>;
L_000001df3df8d8c0 .functor XOR 8, L_000001df3df8db60, L_000001df3df8ed60, C4<00000000>, C4<00000000>;
v000001df3df7b980_0 .net *"_ivl_0", 7 0, L_000001df3df90160;  1 drivers
v000001df3df7be80_0 .net *"_ivl_10", 7 0, L_000001df3df8eb80;  1 drivers
v000001df3df7aa80_0 .net *"_ivl_11", 7 0, L_000001df3df8db60;  1 drivers
v000001df3df7ae40_0 .net *"_ivl_13", 7 0, L_000001df3df8e040;  1 drivers
v000001df3df7a440_0 .net *"_ivl_15", 7 0, L_000001df3df8ed60;  1 drivers
v000001df3df7af80_0 .net *"_ivl_16", 7 0, L_000001df3df8d8c0;  1 drivers
v000001df3df7b0c0_0 .net *"_ivl_2", 7 0, L_000001df3df8eea0;  1 drivers
v000001df3df7ab20_0 .net *"_ivl_3", 7 0, L_000001df3df8de60;  1 drivers
v000001df3df7bb60_0 .net *"_ivl_5", 7 0, L_000001df3df8f440;  1 drivers
v000001df3df7a260_0 .net *"_ivl_6", 7 0, L_000001df3df8cf20;  1 drivers
v000001df3df7b020_0 .net *"_ivl_8", 7 0, L_000001df3df90340;  1 drivers
L_000001df3df8eea0 .ufunc/vec4 TD_tb_inv_mix_columns.inv_mixer.by9, 8, L_000001df3df90160 (v000001df3df09b90_0) S_000001df3def2830;
L_000001df3df8f440 .ufunc/vec4 TD_tb_inv_mix_columns.inv_mixer.byD, 8, L_000001df3df8de60 (v000001df3def9020_0) S_000001df3ddc6930;
L_000001df3df8eb80 .ufunc/vec4 TD_tb_inv_mix_columns.inv_mixer.byB, 8, L_000001df3df90340 (v000001df3df09410_0) S_000001df3def29c0;
L_000001df3df8ed60 .ufunc/vec4 TD_tb_inv_mix_columns.inv_mixer.byE, 8, L_000001df3df8e040 (v000001df3def8080_0) S_000001df3ddc6ac0;
S_000001df3df7c5d0 .scope generate, "genblk1[4]" "genblk1[4]" 3 45, 3 45 0, S_000001df3ded89b0;
 .timescale 0 0;
P_000001df3df14280 .param/l "i" 0 3 45, +C4<0100>;
L_000001df3df8d930 .functor XOR 8, L_000001df3df8fa80, L_000001df3df8fda0, C4<00000000>, C4<00000000>;
L_000001df3df8d850 .functor XOR 8, L_000001df3df8d930, L_000001df3df90020, C4<00000000>, C4<00000000>;
L_000001df3df8d700 .functor XOR 8, L_000001df3df8d850, L_000001df3df8e900, C4<00000000>, C4<00000000>;
v000001df3df7b160_0 .net *"_ivl_0", 7 0, L_000001df3df8e360;  1 drivers
v000001df3df7bca0_0 .net *"_ivl_10", 7 0, L_000001df3df90020;  1 drivers
v000001df3df7bd40_0 .net *"_ivl_11", 7 0, L_000001df3df8d850;  1 drivers
v000001df3df7b2a0_0 .net *"_ivl_13", 7 0, L_000001df3df903e0;  1 drivers
v000001df3df7a3a0_0 .net *"_ivl_15", 7 0, L_000001df3df8e900;  1 drivers
v000001df3df7b340_0 .net *"_ivl_16", 7 0, L_000001df3df8d700;  1 drivers
v000001df3df7b480_0 .net *"_ivl_2", 7 0, L_000001df3df8fa80;  1 drivers
v000001df3df7b660_0 .net *"_ivl_3", 7 0, L_000001df3df8dfa0;  1 drivers
v000001df3df7b700_0 .net *"_ivl_5", 7 0, L_000001df3df8fda0;  1 drivers
v000001df3df7d930_0 .net *"_ivl_6", 7 0, L_000001df3df8d930;  1 drivers
v000001df3df7c850_0 .net *"_ivl_8", 7 0, L_000001df3df8e540;  1 drivers
L_000001df3df8fa80 .ufunc/vec4 TD_tb_inv_mix_columns.inv_mixer.byE, 8, L_000001df3df8e360 (v000001df3def8080_0) S_000001df3ddc6ac0;
L_000001df3df8fda0 .ufunc/vec4 TD_tb_inv_mix_columns.inv_mixer.by9, 8, L_000001df3df8dfa0 (v000001df3df09b90_0) S_000001df3def2830;
L_000001df3df90020 .ufunc/vec4 TD_tb_inv_mix_columns.inv_mixer.byD, 8, L_000001df3df8e540 (v000001df3def9020_0) S_000001df3ddc6930;
L_000001df3df8e900 .ufunc/vec4 TD_tb_inv_mix_columns.inv_mixer.byB, 8, L_000001df3df903e0 (v000001df3df09410_0) S_000001df3def29c0;
S_000001df3df7ef80 .scope generate, "genblk1[5]" "genblk1[5]" 3 45, 3 45 0, S_000001df3ded89b0;
 .timescale 0 0;
P_000001df3df13940 .param/l "i" 0 3 45, +C4<0101>;
L_000001df3df8d230 .functor XOR 8, L_000001df3df8ff80, L_000001df3df8e4a0, C4<00000000>, C4<00000000>;
L_000001df3df8da10 .functor XOR 8, L_000001df3df8d230, L_000001df3df8fd00, C4<00000000>, C4<00000000>;
L_000001df3df8ceb0 .functor XOR 8, L_000001df3df8da10, L_000001df3df8ecc0, C4<00000000>, C4<00000000>;
v000001df3df7d250_0 .net *"_ivl_0", 7 0, L_000001df3df8fee0;  1 drivers
v000001df3df7cfd0_0 .net *"_ivl_10", 7 0, L_000001df3df8fd00;  1 drivers
v000001df3df7c8f0_0 .net *"_ivl_11", 7 0, L_000001df3df8da10;  1 drivers
v000001df3df7c990_0 .net *"_ivl_13", 7 0, L_000001df3df8df00;  1 drivers
v000001df3df7d750_0 .net *"_ivl_15", 7 0, L_000001df3df8ecc0;  1 drivers
v000001df3df7e510_0 .net *"_ivl_16", 7 0, L_000001df3df8ceb0;  1 drivers
v000001df3df7e330_0 .net *"_ivl_2", 7 0, L_000001df3df8ff80;  1 drivers
v000001df3df7db10_0 .net *"_ivl_3", 7 0, L_000001df3df8fe40;  1 drivers
v000001df3df7ded0_0 .net *"_ivl_5", 7 0, L_000001df3df8e4a0;  1 drivers
v000001df3df7cf30_0 .net *"_ivl_6", 7 0, L_000001df3df8d230;  1 drivers
v000001df3df7d9d0_0 .net *"_ivl_8", 7 0, L_000001df3df8f1c0;  1 drivers
L_000001df3df8ff80 .ufunc/vec4 TD_tb_inv_mix_columns.inv_mixer.byB, 8, L_000001df3df8fee0 (v000001df3df09410_0) S_000001df3def29c0;
L_000001df3df8e4a0 .ufunc/vec4 TD_tb_inv_mix_columns.inv_mixer.byE, 8, L_000001df3df8fe40 (v000001df3def8080_0) S_000001df3ddc6ac0;
L_000001df3df8fd00 .ufunc/vec4 TD_tb_inv_mix_columns.inv_mixer.by9, 8, L_000001df3df8f1c0 (v000001df3df09b90_0) S_000001df3def2830;
L_000001df3df8ecc0 .ufunc/vec4 TD_tb_inv_mix_columns.inv_mixer.byD, 8, L_000001df3df8df00 (v000001df3def9020_0) S_000001df3ddc6930;
S_000001df3df7f110 .scope generate, "genblk1[6]" "genblk1[6]" 3 45, 3 45 0, S_000001df3ded89b0;
 .timescale 0 0;
P_000001df3df14480 .param/l "i" 0 3 45, +C4<0110>;
L_000001df3df8cf90 .functor XOR 8, L_000001df3df8ea40, L_000001df3df900c0, C4<00000000>, C4<00000000>;
L_000001df3df8d9a0 .functor XOR 8, L_000001df3df8cf90, L_000001df3df8eae0, C4<00000000>, C4<00000000>;
L_000001df3df8d540 .functor XOR 8, L_000001df3df8d9a0, L_000001df3df8fbc0, C4<00000000>, C4<00000000>;
v000001df3df7ca30_0 .net *"_ivl_0", 7 0, L_000001df3df88fb0;  1 drivers
v000001df3df7e470_0 .net *"_ivl_10", 7 0, L_000001df3df8eae0;  1 drivers
v000001df3df7d390_0 .net *"_ivl_11", 7 0, L_000001df3df8d9a0;  1 drivers
v000001df3df7cad0_0 .net *"_ivl_13", 7 0, L_000001df3df8fb20;  1 drivers
v000001df3df7d430_0 .net *"_ivl_15", 7 0, L_000001df3df8fbc0;  1 drivers
v000001df3df7d4d0_0 .net *"_ivl_16", 7 0, L_000001df3df8d540;  1 drivers
v000001df3df7cb70_0 .net *"_ivl_2", 7 0, L_000001df3df8ea40;  1 drivers
v000001df3df7e3d0_0 .net *"_ivl_3", 7 0, L_000001df3df8ee00;  1 drivers
v000001df3df7d6b0_0 .net *"_ivl_5", 7 0, L_000001df3df900c0;  1 drivers
v000001df3df7cd50_0 .net *"_ivl_6", 7 0, L_000001df3df8cf90;  1 drivers
v000001df3df7c7b0_0 .net *"_ivl_8", 7 0, L_000001df3df8fc60;  1 drivers
L_000001df3df8ea40 .ufunc/vec4 TD_tb_inv_mix_columns.inv_mixer.byD, 8, L_000001df3df88fb0 (v000001df3def9020_0) S_000001df3ddc6930;
L_000001df3df900c0 .ufunc/vec4 TD_tb_inv_mix_columns.inv_mixer.byB, 8, L_000001df3df8ee00 (v000001df3df09410_0) S_000001df3def29c0;
L_000001df3df8eae0 .ufunc/vec4 TD_tb_inv_mix_columns.inv_mixer.byE, 8, L_000001df3df8fc60 (v000001df3def8080_0) S_000001df3ddc6ac0;
L_000001df3df8fbc0 .ufunc/vec4 TD_tb_inv_mix_columns.inv_mixer.by9, 8, L_000001df3df8fb20 (v000001df3df09b90_0) S_000001df3def2830;
S_000001df3df7f2a0 .scope generate, "genblk1[7]" "genblk1[7]" 3 45, 3 45 0, S_000001df3ded89b0;
 .timescale 0 0;
P_000001df3df13c80 .param/l "i" 0 3 45, +C4<0111>;
L_000001df3df208d0 .functor XOR 8, L_000001df3df88510, L_000001df3df886f0, C4<00000000>, C4<00000000>;
L_000001df3df8d150 .functor XOR 8, L_000001df3df208d0, L_000001df3df88c90, C4<00000000>, C4<00000000>;
L_000001df3df8dd20 .functor XOR 8, L_000001df3df8d150, L_000001df3df88dd0, C4<00000000>, C4<00000000>;
v000001df3df7e0b0_0 .net *"_ivl_0", 7 0, L_000001df3df883d0;  1 drivers
v000001df3df7df70_0 .net *"_ivl_10", 7 0, L_000001df3df88c90;  1 drivers
v000001df3df7e010_0 .net *"_ivl_11", 7 0, L_000001df3df8d150;  1 drivers
v000001df3df7d070_0 .net *"_ivl_13", 7 0, L_000001df3df88d30;  1 drivers
v000001df3df7e5b0_0 .net *"_ivl_15", 7 0, L_000001df3df88dd0;  1 drivers
v000001df3df7de30_0 .net *"_ivl_16", 7 0, L_000001df3df8dd20;  1 drivers
v000001df3df7da70_0 .net *"_ivl_2", 7 0, L_000001df3df88510;  1 drivers
v000001df3df7d110_0 .net *"_ivl_3", 7 0, L_000001df3df885b0;  1 drivers
v000001df3df7e150_0 .net *"_ivl_5", 7 0, L_000001df3df886f0;  1 drivers
v000001df3df7dbb0_0 .net *"_ivl_6", 7 0, L_000001df3df208d0;  1 drivers
v000001df3df7d1b0_0 .net *"_ivl_8", 7 0, L_000001df3df88790;  1 drivers
L_000001df3df88510 .ufunc/vec4 TD_tb_inv_mix_columns.inv_mixer.by9, 8, L_000001df3df883d0 (v000001df3df09b90_0) S_000001df3def2830;
L_000001df3df886f0 .ufunc/vec4 TD_tb_inv_mix_columns.inv_mixer.byD, 8, L_000001df3df885b0 (v000001df3def9020_0) S_000001df3ddc6930;
L_000001df3df88c90 .ufunc/vec4 TD_tb_inv_mix_columns.inv_mixer.byB, 8, L_000001df3df88790 (v000001df3df09410_0) S_000001df3def29c0;
L_000001df3df88dd0 .ufunc/vec4 TD_tb_inv_mix_columns.inv_mixer.byE, 8, L_000001df3df88d30 (v000001df3def8080_0) S_000001df3ddc6ac0;
S_000001df3df7f430 .scope generate, "genblk1[8]" "genblk1[8]" 3 45, 3 45 0, S_000001df3ded89b0;
 .timescale 0 0;
P_000001df3df13680 .param/l "i" 0 3 45, +C4<01000>;
L_000001df3df207f0 .functor XOR 8, L_000001df3df892d0, L_000001df3df88ab0, C4<00000000>, C4<00000000>;
L_000001df3df1f9f0 .functor XOR 8, L_000001df3df207f0, L_000001df3df88330, C4<00000000>, C4<00000000>;
L_000001df3df20860 .functor XOR 8, L_000001df3df1f9f0, L_000001df3df87930, C4<00000000>, C4<00000000>;
v000001df3df7dc50_0 .net *"_ivl_0", 7 0, L_000001df3df881f0;  1 drivers
v000001df3df7e1f0_0 .net *"_ivl_10", 7 0, L_000001df3df88330;  1 drivers
v000001df3df7e650_0 .net *"_ivl_11", 7 0, L_000001df3df1f9f0;  1 drivers
v000001df3df7d570_0 .net *"_ivl_13", 7 0, L_000001df3df89690;  1 drivers
v000001df3df7dd90_0 .net *"_ivl_15", 7 0, L_000001df3df87930;  1 drivers
v000001df3df7cc10_0 .net *"_ivl_16", 7 0, L_000001df3df20860;  1 drivers
v000001df3df7ccb0_0 .net *"_ivl_2", 7 0, L_000001df3df892d0;  1 drivers
v000001df3df7cdf0_0 .net *"_ivl_3", 7 0, L_000001df3df89410;  1 drivers
v000001df3df7ce90_0 .net *"_ivl_5", 7 0, L_000001df3df88ab0;  1 drivers
v000001df3df7e290_0 .net *"_ivl_6", 7 0, L_000001df3df207f0;  1 drivers
v000001df3df7d2f0_0 .net *"_ivl_8", 7 0, L_000001df3df88b50;  1 drivers
L_000001df3df892d0 .ufunc/vec4 TD_tb_inv_mix_columns.inv_mixer.byE, 8, L_000001df3df881f0 (v000001df3def8080_0) S_000001df3ddc6ac0;
L_000001df3df88ab0 .ufunc/vec4 TD_tb_inv_mix_columns.inv_mixer.by9, 8, L_000001df3df89410 (v000001df3df09b90_0) S_000001df3def2830;
L_000001df3df88330 .ufunc/vec4 TD_tb_inv_mix_columns.inv_mixer.byD, 8, L_000001df3df88b50 (v000001df3def9020_0) S_000001df3ddc6930;
L_000001df3df87930 .ufunc/vec4 TD_tb_inv_mix_columns.inv_mixer.byB, 8, L_000001df3df89690 (v000001df3df09410_0) S_000001df3def29c0;
S_000001df3df7f5c0 .scope generate, "genblk1[9]" "genblk1[9]" 3 45, 3 45 0, S_000001df3ded89b0;
 .timescale 0 0;
P_000001df3df13980 .param/l "i" 0 3 45, +C4<01001>;
L_000001df3df1ff30 .functor XOR 8, L_000001df3df88970, L_000001df3df87f70, C4<00000000>, C4<00000000>;
L_000001df3df206a0 .functor XOR 8, L_000001df3df1ff30, L_000001df3df894b0, C4<00000000>, C4<00000000>;
L_000001df3df20780 .functor XOR 8, L_000001df3df206a0, L_000001df3df88150, C4<00000000>, C4<00000000>;
v000001df3df7d610_0 .net *"_ivl_0", 7 0, L_000001df3df87ed0;  1 drivers
v000001df3df7d7f0_0 .net *"_ivl_10", 7 0, L_000001df3df894b0;  1 drivers
v000001df3df7d890_0 .net *"_ivl_11", 7 0, L_000001df3df206a0;  1 drivers
v000001df3df7dcf0_0 .net *"_ivl_13", 7 0, L_000001df3df88f10;  1 drivers
v000001df3df810a0_0 .net *"_ivl_15", 7 0, L_000001df3df88150;  1 drivers
v000001df3df81640_0 .net *"_ivl_16", 7 0, L_000001df3df20780;  1 drivers
v000001df3df81500_0 .net *"_ivl_2", 7 0, L_000001df3df88970;  1 drivers
v000001df3df80920_0 .net *"_ivl_3", 7 0, L_000001df3df880b0;  1 drivers
v000001df3df815a0_0 .net *"_ivl_5", 7 0, L_000001df3df87f70;  1 drivers
v000001df3df809c0_0 .net *"_ivl_6", 7 0, L_000001df3df1ff30;  1 drivers
v000001df3df7fe80_0 .net *"_ivl_8", 7 0, L_000001df3df88470;  1 drivers
L_000001df3df88970 .ufunc/vec4 TD_tb_inv_mix_columns.inv_mixer.byB, 8, L_000001df3df87ed0 (v000001df3df09410_0) S_000001df3def29c0;
L_000001df3df87f70 .ufunc/vec4 TD_tb_inv_mix_columns.inv_mixer.byE, 8, L_000001df3df880b0 (v000001df3def8080_0) S_000001df3ddc6ac0;
L_000001df3df894b0 .ufunc/vec4 TD_tb_inv_mix_columns.inv_mixer.by9, 8, L_000001df3df88470 (v000001df3df09b90_0) S_000001df3def2830;
L_000001df3df88150 .ufunc/vec4 TD_tb_inv_mix_columns.inv_mixer.byD, 8, L_000001df3df88f10 (v000001df3def9020_0) S_000001df3ddc6930;
S_000001df3df83ae0 .scope generate, "genblk1[10]" "genblk1[10]" 3 45, 3 45 0, S_000001df3ded89b0;
 .timescale 0 0;
P_000001df3df14200 .param/l "i" 0 3 45, +C4<01010>;
L_000001df3df1fb40 .functor XOR 8, L_000001df3df877f0, L_000001df3df87b10, C4<00000000>, C4<00000000>;
L_000001df3df20710 .functor XOR 8, L_000001df3df1fb40, L_000001df3df87c50, C4<00000000>, C4<00000000>;
L_000001df3df205c0 .functor XOR 8, L_000001df3df20710, L_000001df3df88a10, C4<00000000>, C4<00000000>;
v000001df3df811e0_0 .net *"_ivl_0", 7 0, L_000001df3df890f0;  1 drivers
v000001df3df80ba0_0 .net *"_ivl_10", 7 0, L_000001df3df87c50;  1 drivers
v000001df3df80600_0 .net *"_ivl_11", 7 0, L_000001df3df20710;  1 drivers
v000001df3df81140_0 .net *"_ivl_13", 7 0, L_000001df3df87d90;  1 drivers
v000001df3df81000_0 .net *"_ivl_15", 7 0, L_000001df3df88a10;  1 drivers
v000001df3df80060_0 .net *"_ivl_16", 7 0, L_000001df3df205c0;  1 drivers
v000001df3df7f7a0_0 .net *"_ivl_2", 7 0, L_000001df3df877f0;  1 drivers
v000001df3df7fd40_0 .net *"_ivl_3", 7 0, L_000001df3df888d0;  1 drivers
v000001df3df80240_0 .net *"_ivl_5", 7 0, L_000001df3df87b10;  1 drivers
v000001df3df80ec0_0 .net *"_ivl_6", 7 0, L_000001df3df1fb40;  1 drivers
v000001df3df80a60_0 .net *"_ivl_8", 7 0, L_000001df3df87e30;  1 drivers
L_000001df3df877f0 .ufunc/vec4 TD_tb_inv_mix_columns.inv_mixer.byD, 8, L_000001df3df890f0 (v000001df3def9020_0) S_000001df3ddc6930;
L_000001df3df87b10 .ufunc/vec4 TD_tb_inv_mix_columns.inv_mixer.byB, 8, L_000001df3df888d0 (v000001df3df09410_0) S_000001df3def29c0;
L_000001df3df87c50 .ufunc/vec4 TD_tb_inv_mix_columns.inv_mixer.byE, 8, L_000001df3df87e30 (v000001df3def8080_0) S_000001df3ddc6ac0;
L_000001df3df88a10 .ufunc/vec4 TD_tb_inv_mix_columns.inv_mixer.by9, 8, L_000001df3df87d90 (v000001df3df09b90_0) S_000001df3def2830;
S_000001df3df837c0 .scope generate, "genblk1[11]" "genblk1[11]" 3 45, 3 45 0, S_000001df3ded89b0;
 .timescale 0 0;
P_000001df3df135c0 .param/l "i" 0 3 45, +C4<01011>;
L_000001df3df204e0 .functor XOR 8, L_000001df3df87bb0, L_000001df3df87890, C4<00000000>, C4<00000000>;
L_000001df3df1fd70 .functor XOR 8, L_000001df3df204e0, L_000001df3df88bf0, C4<00000000>, C4<00000000>;
L_000001df3df1fde0 .functor XOR 8, L_000001df3df1fd70, L_000001df3df88e70, C4<00000000>, C4<00000000>;
v000001df3df81460_0 .net *"_ivl_0", 7 0, L_000001df3df87cf0;  1 drivers
v000001df3df81320_0 .net *"_ivl_10", 7 0, L_000001df3df88bf0;  1 drivers
v000001df3df7fc00_0 .net *"_ivl_11", 7 0, L_000001df3df1fd70;  1 drivers
v000001df3df81280_0 .net *"_ivl_13", 7 0, L_000001df3df88290;  1 drivers
v000001df3df7ff20_0 .net *"_ivl_15", 7 0, L_000001df3df88e70;  1 drivers
v000001df3df80380_0 .net *"_ivl_16", 7 0, L_000001df3df1fde0;  1 drivers
v000001df3df7fde0_0 .net *"_ivl_2", 7 0, L_000001df3df87bb0;  1 drivers
v000001df3df80100_0 .net *"_ivl_3", 7 0, L_000001df3df89230;  1 drivers
v000001df3df80420_0 .net *"_ivl_5", 7 0, L_000001df3df87890;  1 drivers
v000001df3df80b00_0 .net *"_ivl_6", 7 0, L_000001df3df204e0;  1 drivers
v000001df3df80c40_0 .net *"_ivl_8", 7 0, L_000001df3df89190;  1 drivers
L_000001df3df87bb0 .ufunc/vec4 TD_tb_inv_mix_columns.inv_mixer.by9, 8, L_000001df3df87cf0 (v000001df3df09b90_0) S_000001df3def2830;
L_000001df3df87890 .ufunc/vec4 TD_tb_inv_mix_columns.inv_mixer.byD, 8, L_000001df3df89230 (v000001df3def9020_0) S_000001df3ddc6930;
L_000001df3df88bf0 .ufunc/vec4 TD_tb_inv_mix_columns.inv_mixer.byB, 8, L_000001df3df89190 (v000001df3df09410_0) S_000001df3def29c0;
L_000001df3df88e70 .ufunc/vec4 TD_tb_inv_mix_columns.inv_mixer.byE, 8, L_000001df3df88290 (v000001df3def8080_0) S_000001df3ddc6ac0;
S_000001df3df84440 .scope generate, "genblk1[12]" "genblk1[12]" 3 45, 3 45 0, S_000001df3ded89b0;
 .timescale 0 0;
P_000001df3df13640 .param/l "i" 0 3 45, +C4<01100>;
L_000001df3df20390 .functor XOR 8, L_000001df3df89370, L_000001df3df88010, C4<00000000>, C4<00000000>;
L_000001df3df1fd00 .functor XOR 8, L_000001df3df20390, L_000001df3df88650, C4<00000000>, C4<00000000>;
L_000001df3df1fec0 .functor XOR 8, L_000001df3df1fd00, L_000001df3df87a70, C4<00000000>, C4<00000000>;
v000001df3df7fa20_0 .net *"_ivl_0", 7 0, L_000001df3df89550;  1 drivers
v000001df3df813c0_0 .net *"_ivl_10", 7 0, L_000001df3df88650;  1 drivers
v000001df3df80560_0 .net *"_ivl_11", 7 0, L_000001df3df1fd00;  1 drivers
v000001df3df80f60_0 .net *"_ivl_13", 7 0, L_000001df3df879d0;  1 drivers
v000001df3df802e0_0 .net *"_ivl_15", 7 0, L_000001df3df87a70;  1 drivers
v000001df3df807e0_0 .net *"_ivl_16", 7 0, L_000001df3df1fec0;  1 drivers
v000001df3df80ce0_0 .net *"_ivl_2", 7 0, L_000001df3df89370;  1 drivers
v000001df3df80e20_0 .net *"_ivl_3", 7 0, L_000001df3df895f0;  1 drivers
v000001df3df7ffc0_0 .net *"_ivl_5", 7 0, L_000001df3df88010;  1 drivers
v000001df3df7fca0_0 .net *"_ivl_6", 7 0, L_000001df3df20390;  1 drivers
v000001df3df7f8e0_0 .net *"_ivl_8", 7 0, L_000001df3df89050;  1 drivers
L_000001df3df89370 .ufunc/vec4 TD_tb_inv_mix_columns.inv_mixer.byE, 8, L_000001df3df89550 (v000001df3def8080_0) S_000001df3ddc6ac0;
L_000001df3df88010 .ufunc/vec4 TD_tb_inv_mix_columns.inv_mixer.by9, 8, L_000001df3df895f0 (v000001df3df09b90_0) S_000001df3def2830;
L_000001df3df88650 .ufunc/vec4 TD_tb_inv_mix_columns.inv_mixer.byD, 8, L_000001df3df89050 (v000001df3def9020_0) S_000001df3ddc6930;
L_000001df3df87a70 .ufunc/vec4 TD_tb_inv_mix_columns.inv_mixer.byB, 8, L_000001df3df879d0 (v000001df3df09410_0) S_000001df3def29c0;
S_000001df3df83e00 .scope generate, "genblk1[13]" "genblk1[13]" 3 45, 3 45 0, S_000001df3ded89b0;
 .timescale 0 0;
P_000001df3df13f80 .param/l "i" 0 3 45, +C4<01101>;
L_000001df3df1fc20 .functor XOR 8, L_000001df3df851d0, L_000001df3df85130, C4<00000000>, C4<00000000>;
L_000001df3df20240 .functor XOR 8, L_000001df3df1fc20, L_000001df3df856d0, C4<00000000>, C4<00000000>;
L_000001df3df20320 .functor XOR 8, L_000001df3df20240, L_000001df3df88830, C4<00000000>, C4<00000000>;
v000001df3df7f840_0 .net *"_ivl_0", 7 0, L_000001df3df84e10;  1 drivers
v000001df3df7f980_0 .net *"_ivl_10", 7 0, L_000001df3df856d0;  1 drivers
v000001df3df801a0_0 .net *"_ivl_11", 7 0, L_000001df3df20240;  1 drivers
v000001df3df7fb60_0 .net *"_ivl_13", 7 0, L_000001df3df85770;  1 drivers
v000001df3df7fac0_0 .net *"_ivl_15", 7 0, L_000001df3df88830;  1 drivers
v000001df3df804c0_0 .net *"_ivl_16", 7 0, L_000001df3df20320;  1 drivers
v000001df3df806a0_0 .net *"_ivl_2", 7 0, L_000001df3df851d0;  1 drivers
v000001df3df80d80_0 .net *"_ivl_3", 7 0, L_000001df3df85590;  1 drivers
v000001df3df80740_0 .net *"_ivl_5", 7 0, L_000001df3df85130;  1 drivers
v000001df3df80880_0 .net *"_ivl_6", 7 0, L_000001df3df1fc20;  1 drivers
v000001df3df85c70_0 .net *"_ivl_8", 7 0, L_000001df3df85630;  1 drivers
L_000001df3df851d0 .ufunc/vec4 TD_tb_inv_mix_columns.inv_mixer.byB, 8, L_000001df3df84e10 (v000001df3df09410_0) S_000001df3def29c0;
L_000001df3df85130 .ufunc/vec4 TD_tb_inv_mix_columns.inv_mixer.byE, 8, L_000001df3df85590 (v000001df3def8080_0) S_000001df3ddc6ac0;
L_000001df3df856d0 .ufunc/vec4 TD_tb_inv_mix_columns.inv_mixer.by9, 8, L_000001df3df85630 (v000001df3df09b90_0) S_000001df3def2830;
L_000001df3df88830 .ufunc/vec4 TD_tb_inv_mix_columns.inv_mixer.byD, 8, L_000001df3df85770 (v000001df3def9020_0) S_000001df3ddc6930;
S_000001df3df83f90 .scope generate, "genblk1[14]" "genblk1[14]" 3 45, 3 45 0, S_000001df3ded89b0;
 .timescale 0 0;
P_000001df3df14340 .param/l "i" 0 3 45, +C4<01110>;
L_000001df3df1fad0 .functor XOR 8, L_000001df3df86030, L_000001df3df854f0, C4<00000000>, C4<00000000>;
L_000001df3df201d0 .functor XOR 8, L_000001df3df1fad0, L_000001df3df84910, C4<00000000>, C4<00000000>;
L_000001df3df20550 .functor XOR 8, L_000001df3df201d0, L_000001df3df84c30, C4<00000000>, C4<00000000>;
v000001df3df858b0_0 .net *"_ivl_0", 7 0, L_000001df3df863f0;  1 drivers
v000001df3df85db0_0 .net *"_ivl_10", 7 0, L_000001df3df84910;  1 drivers
v000001df3df853b0_0 .net *"_ivl_11", 7 0, L_000001df3df201d0;  1 drivers
v000001df3df85090_0 .net *"_ivl_13", 7 0, L_000001df3df84b90;  1 drivers
v000001df3df84a50_0 .net *"_ivl_15", 7 0, L_000001df3df84c30;  1 drivers
v000001df3df849b0_0 .net *"_ivl_16", 7 0, L_000001df3df20550;  1 drivers
v000001df3df862b0_0 .net *"_ivl_2", 7 0, L_000001df3df86030;  1 drivers
v000001df3df85310_0 .net *"_ivl_3", 7 0, L_000001df3df86490;  1 drivers
v000001df3df860d0_0 .net *"_ivl_5", 7 0, L_000001df3df854f0;  1 drivers
v000001df3df86670_0 .net *"_ivl_6", 7 0, L_000001df3df1fad0;  1 drivers
v000001df3df86530_0 .net *"_ivl_8", 7 0, L_000001df3df84870;  1 drivers
L_000001df3df86030 .ufunc/vec4 TD_tb_inv_mix_columns.inv_mixer.byD, 8, L_000001df3df863f0 (v000001df3def9020_0) S_000001df3ddc6930;
L_000001df3df854f0 .ufunc/vec4 TD_tb_inv_mix_columns.inv_mixer.byB, 8, L_000001df3df86490 (v000001df3df09410_0) S_000001df3def29c0;
L_000001df3df84910 .ufunc/vec4 TD_tb_inv_mix_columns.inv_mixer.byE, 8, L_000001df3df84870 (v000001df3def8080_0) S_000001df3ddc6ac0;
L_000001df3df84c30 .ufunc/vec4 TD_tb_inv_mix_columns.inv_mixer.by9, 8, L_000001df3df84b90 (v000001df3df09b90_0) S_000001df3def2830;
S_000001df3df83950 .scope generate, "genblk1[15]" "genblk1[15]" 3 45, 3 45 0, S_000001df3ded89b0;
 .timescale 0 0;
P_000001df3df136c0 .param/l "i" 0 3 45, +C4<01111>;
L_000001df3df20400 .functor XOR 8, L_000001df3df85a90, L_000001df3df85e50, C4<00000000>, C4<00000000>;
L_000001df3df1fbb0 .functor XOR 8, L_000001df3df20400, L_000001df3df84af0, C4<00000000>, C4<00000000>;
L_000001df3df200f0 .functor XOR 8, L_000001df3df1fbb0, L_000001df3df85f90, C4<00000000>, C4<00000000>;
v000001df3df84cd0_0 .net *"_ivl_0", 7 0, L_000001df3df859f0;  1 drivers
v000001df3df84eb0_0 .net *"_ivl_10", 7 0, L_000001df3df84af0;  1 drivers
v000001df3df84f50_0 .net *"_ivl_11", 7 0, L_000001df3df1fbb0;  1 drivers
v000001df3df85270_0 .net *"_ivl_13", 7 0, L_000001df3df85ef0;  1 drivers
v000001df3df86210_0 .net *"_ivl_15", 7 0, L_000001df3df85f90;  1 drivers
v000001df3df85bd0_0 .net *"_ivl_16", 7 0, L_000001df3df200f0;  1 drivers
v000001df3df86170_0 .net *"_ivl_2", 7 0, L_000001df3df85a90;  1 drivers
v000001df3df85d10_0 .net *"_ivl_3", 7 0, L_000001df3df85b30;  1 drivers
v000001df3df85450_0 .net *"_ivl_5", 7 0, L_000001df3df85e50;  1 drivers
v000001df3df865d0_0 .net *"_ivl_6", 7 0, L_000001df3df20400;  1 drivers
v000001df3df85810_0 .net *"_ivl_8", 7 0, L_000001df3df84ff0;  1 drivers
L_000001df3df85a90 .ufunc/vec4 TD_tb_inv_mix_columns.inv_mixer.by9, 8, L_000001df3df859f0 (v000001df3df09b90_0) S_000001df3def2830;
L_000001df3df85e50 .ufunc/vec4 TD_tb_inv_mix_columns.inv_mixer.byD, 8, L_000001df3df85b30 (v000001df3def9020_0) S_000001df3ddc6930;
L_000001df3df84af0 .ufunc/vec4 TD_tb_inv_mix_columns.inv_mixer.byB, 8, L_000001df3df84ff0 (v000001df3df09410_0) S_000001df3def29c0;
L_000001df3df85f90 .ufunc/vec4 TD_tb_inv_mix_columns.inv_mixer.byE, 8, L_000001df3df85ef0 (v000001df3def8080_0) S_000001df3ddc6ac0;
    .scope S_000001df3df20bc0;
T_5 ;
    %pushi/vec4 2362457276, 0, 37;
    %concati/vec4 3407452744, 0, 35;
    %concati/vec4 4174608936, 0, 32;
    %concati/vec4 403020, 0, 24;
    %store/vec4 v000001df3df86350_0, 0, 128;
    %delay 10, 0;
    %pushi/vec4 2962986466, 0, 33;
    %concati/vec4 3663385958, 0, 34;
    %concati/vec4 3745404224, 0, 32;
    %concati/vec4 460042469, 0, 29;
    %store/vec4 v000001df3df86350_0, 0, 128;
    %delay 10, 0;
    %vpi_call 2 17 "$finish" {0 0 0};
    %end;
    .thread T_5;
    .scope S_000001df3df20bc0;
T_6 ;
    %wait E_000001df3df14000;
    %vpi_call 2 25 "$display", "Time = %t, i_state = %h, o_state = %h", $time, v000001df3df86350_0, v000001df3df847d0_0 {0 0 0};
    %jmp T_6;
    .thread T_6, $push;
# The file index is used to find the file name in the following table.
:file_names 4;
    "N/A";
    "<interactive>";
    "tb_inv_mix_columns.v";
    "./inv_mix_columns.v";
