#! /c/Source/iverilog-install/bin/vvp
:ivl_version "12.0 (devel)" "(s20150603-1539-g2693dd32b)";
:ivl_delay_selection "TYPICAL";
:vpi_time_precision + 0;
:vpi_module "D:\Programs\iverilog\lib\ivl\system.vpi";
:vpi_module "D:\Programs\iverilog\lib\ivl\vhdl_sys.vpi";
:vpi_module "D:\Programs\iverilog\lib\ivl\vhdl_textio.vpi";
:vpi_module "D:\Programs\iverilog\lib\ivl\v2005_math.vpi";
:vpi_module "D:\Programs\iverilog\lib\ivl\va_math.vpi";
S_00000208b102e500 .scope module, "tb_mix_columns" "tb_mix_columns" 2 11;
 .timescale 0 0;
v00000208b10947c0_0 .var "i_state", 127 0;
v00000208b1094e00_0 .net "o_state", 127 0, L_00000208b109c030;  1 drivers
E_00000208b10229c0 .event anyedge, v00000208b1094cc0_0;
S_00000208b100e280 .scope module, "mixer" "mix_columns" 2 18, 3 12 0, S_00000208b102e500;
 .timescale 0 0;
    .port_info 0 /INPUT 128 "i_state";
    .port_info 1 /OUTPUT 128 "o_state";
v00000208b10958a0_0 .net "i_state", 127 0, v00000208b10947c0_0;  1 drivers
v00000208b1094cc0_0 .net "o_state", 127 0, L_00000208b109c030;  alias, 1 drivers
L_00000208b1094fe0 .part v00000208b10947c0_0, 96, 8;
L_00000208b1094d60 .part v00000208b10947c0_0, 104, 8;
L_00000208b1094720 .part v00000208b10947c0_0, 112, 8;
L_00000208b1094860 .part v00000208b10947c0_0, 120, 8;
L_00000208b1095080 .part v00000208b10947c0_0, 96, 8;
L_00000208b1095da0 .part v00000208b10947c0_0, 104, 8;
L_00000208b1095120 .part v00000208b10947c0_0, 112, 8;
L_00000208b10944a0 .part v00000208b10947c0_0, 120, 8;
L_00000208b10951c0 .part v00000208b10947c0_0, 96, 8;
L_00000208b1094900 .part v00000208b10947c0_0, 104, 8;
L_00000208b1095620 .part v00000208b10947c0_0, 112, 8;
L_00000208b1094c20 .part v00000208b10947c0_0, 120, 8;
L_00000208b1094400 .part v00000208b10947c0_0, 96, 8;
L_00000208b1094a40 .part v00000208b10947c0_0, 104, 8;
L_00000208b1094ae0 .part v00000208b10947c0_0, 112, 8;
L_00000208b1095d00 .part v00000208b10947c0_0, 120, 8;
L_00000208b10959e0 .part v00000208b10947c0_0, 64, 8;
L_00000208b1095e40 .part v00000208b10947c0_0, 72, 8;
L_00000208b1094ea0 .part v00000208b10947c0_0, 80, 8;
L_00000208b1095ee0 .part v00000208b10947c0_0, 88, 8;
L_00000208b1095760 .part v00000208b10947c0_0, 64, 8;
L_00000208b1095300 .part v00000208b10947c0_0, 72, 8;
L_00000208b1095800 .part v00000208b10947c0_0, 80, 8;
L_00000208b1095a80 .part v00000208b10947c0_0, 88, 8;
L_00000208b1094360 .part v00000208b10947c0_0, 64, 8;
L_00000208b1095bc0 .part v00000208b10947c0_0, 72, 8;
L_00000208b1096020 .part v00000208b10947c0_0, 80, 8;
L_00000208b10960c0 .part v00000208b10947c0_0, 88, 8;
L_00000208b1094220 .part v00000208b10947c0_0, 64, 8;
L_00000208b109b270 .part v00000208b10947c0_0, 72, 8;
L_00000208b109a9b0 .part v00000208b10947c0_0, 80, 8;
L_00000208b109bb30 .part v00000208b10947c0_0, 88, 8;
L_00000208b109aa50 .part v00000208b10947c0_0, 32, 8;
L_00000208b109c5d0 .part v00000208b10947c0_0, 40, 8;
L_00000208b109bd10 .part v00000208b10947c0_0, 48, 8;
L_00000208b109bc70 .part v00000208b10947c0_0, 56, 8;
L_00000208b109ad70 .part v00000208b10947c0_0, 32, 8;
L_00000208b109bbd0 .part v00000208b10947c0_0, 40, 8;
L_00000208b109c530 .part v00000208b10947c0_0, 48, 8;
L_00000208b109c670 .part v00000208b10947c0_0, 56, 8;
L_00000208b109a910 .part v00000208b10947c0_0, 32, 8;
L_00000208b109b130 .part v00000208b10947c0_0, 40, 8;
L_00000208b109b3b0 .part v00000208b10947c0_0, 48, 8;
L_00000208b109b950 .part v00000208b10947c0_0, 56, 8;
L_00000208b109ae10 .part v00000208b10947c0_0, 32, 8;
L_00000208b109b4f0 .part v00000208b10947c0_0, 40, 8;
L_00000208b109af50 .part v00000208b10947c0_0, 48, 8;
L_00000208b109c350 .part v00000208b10947c0_0, 56, 8;
L_00000208b109c0d0 .part v00000208b10947c0_0, 0, 8;
L_00000208b109b1d0 .part v00000208b10947c0_0, 8, 8;
L_00000208b109aaf0 .part v00000208b10947c0_0, 16, 8;
L_00000208b109b090 .part v00000208b10947c0_0, 24, 8;
L_00000208b109b450 .part v00000208b10947c0_0, 0, 8;
L_00000208b109b590 .part v00000208b10947c0_0, 8, 8;
L_00000208b109bef0 .part v00000208b10947c0_0, 16, 8;
L_00000208b109b6d0 .part v00000208b10947c0_0, 24, 8;
L_00000208b109b770 .part v00000208b10947c0_0, 0, 8;
L_00000208b109c3f0 .part v00000208b10947c0_0, 8, 8;
L_00000208b109c490 .part v00000208b10947c0_0, 16, 8;
L_00000208b109b810 .part v00000208b10947c0_0, 24, 8;
LS_00000208b109c030_0_0 .concat8 [ 8 8 8 8], L_00000208b109f800, L_00000208b109f5d0, L_00000208b109f9c0, L_00000208b109ed80;
LS_00000208b109c030_0_4 .concat8 [ 8 8 8 8], L_00000208b109f410, L_00000208b1096230, L_00000208b1096fc0, L_00000208b1096ee0;
LS_00000208b109c030_0_8 .concat8 [ 8 8 8 8], L_00000208b1096d90, L_00000208b1096380, L_00000208b1096850, L_00000208b10964d0;
LS_00000208b109c030_0_12 .concat8 [ 8 8 8 8], L_00000208b1096460, L_00000208b1096cb0, L_00000208b1096c40, L_00000208b1096540;
L_00000208b109c030 .concat8 [ 32 32 32 32], LS_00000208b109c030_0_0, LS_00000208b109c030_0_4, LS_00000208b109c030_0_8, LS_00000208b109c030_0_12;
L_00000208b109ba90 .part v00000208b10947c0_0, 0, 8;
L_00000208b10a0390 .part v00000208b10947c0_0, 8, 8;
L_00000208b109ffd0 .part v00000208b10947c0_0, 16, 8;
L_00000208b10a0890 .part v00000208b10947c0_0, 24, 8;
S_00000208b100e410 .scope function.vec4.s8, "by2" "by2" 3 18, 3 18 0, S_00000208b100e280;
 .timescale 0 0;
; Variable by2 is vec4 return value of scope S_00000208b100e410
v00000208b102d300_0 .var "x", 7 0;
TD_tb_mix_columns.mixer.by2 ;
    %load/vec4 v00000208b102d300_0;
    %parti/s 1, 7, 4;
    %pad/u 32;
    %cmpi/e 1, 0, 32;
    %jmp/0xz  T_0.0, 4;
    %load/vec4 v00000208b102d300_0;
    %ix/load 4, 1, 0;
    %flag_set/imm 4, 0;
    %shiftl 4;
    %pushi/vec4 27, 0, 8;
    %xor;
    %ret/vec4 0, 0, 8;  Assign to by2 (store_vec4_to_lval)
    %jmp T_0.1;
T_0.0 ;
    %load/vec4 v00000208b102d300_0;
    %ix/load 4, 1, 0;
    %flag_set/imm 4, 0;
    %shiftl 4;
    %ret/vec4 0, 0, 8;  Assign to by2 (store_vec4_to_lval)
T_0.1 ;
    %end;
S_00000208b0fb6930 .scope function.vec4.s8, "by3" "by3" 3 27, 3 27 0, S_00000208b100e280;
 .timescale 0 0;
; Variable by3 is vec4 return value of scope S_00000208b0fb6930
v00000208b102cf40_0 .var "x", 7 0;
TD_tb_mix_columns.mixer.by3 ;
    %load/vec4 v00000208b102cf40_0;
    %store/vec4 v00000208b102d300_0, 0, 8;
    %callf/vec4 TD_tb_mix_columns.mixer.by2, S_00000208b100e410;
    %load/vec4 v00000208b102cf40_0;
    %xor;
    %ret/vec4 0, 0, 8;  Assign to by3 (store_vec4_to_lval)
    %end;
S_00000208b0fb6ac0 .scope generate, "genblk1[0]" "genblk1[0]" 3 33, 3 33 0, S_00000208b100e280;
 .timescale 0 0;
P_00000208b1023400 .param/l "i" 0 3 33, +C4<00>;
L_00000208b109f170 .functor XOR 8, L_00000208b109c170, L_00000208b10a0390, C4<00000000>, C4<00000000>;
L_00000208b109f250 .functor XOR 8, L_00000208b109f170, L_00000208b109ffd0, C4<00000000>, C4<00000000>;
L_00000208b109f800 .functor XOR 8, L_00000208b109f250, L_00000208b10a0750, C4<00000000>, C4<00000000>;
v00000208b102d760_0 .net *"_ivl_0", 7 0, L_00000208b109ba90;  1 drivers
v00000208b102c860_0 .net *"_ivl_11", 7 0, L_00000208b10a0750;  1 drivers
v00000208b102dc60_0 .net *"_ivl_12", 7 0, L_00000208b109f800;  1 drivers
v00000208b102cc20_0 .net *"_ivl_2", 7 0, L_00000208b109c170;  1 drivers
v00000208b102dda0_0 .net *"_ivl_3", 7 0, L_00000208b10a0390;  1 drivers
v00000208b102c9a0_0 .net *"_ivl_4", 7 0, L_00000208b109f170;  1 drivers
v00000208b102ca40_0 .net *"_ivl_6", 7 0, L_00000208b109ffd0;  1 drivers
v00000208b102ccc0_0 .net *"_ivl_7", 7 0, L_00000208b109f250;  1 drivers
v00000208b102cea0_0 .net *"_ivl_9", 7 0, L_00000208b10a0890;  1 drivers
L_00000208b109c170 .ufunc/vec4 TD_tb_mix_columns.mixer.by2, 8, L_00000208b109ba90 (v00000208b102d300_0) S_00000208b100e410;
L_00000208b10a0750 .ufunc/vec4 TD_tb_mix_columns.mixer.by3, 8, L_00000208b10a0890 (v00000208b102cf40_0) S_00000208b0fb6930;
S_00000208b0fb6c50 .scope generate, "genblk1[1]" "genblk1[1]" 3 33, 3 33 0, S_00000208b100e280;
 .timescale 0 0;
P_00000208b1023200 .param/l "i" 0 3 33, +C4<01>;
L_00000208b109f090 .functor XOR 8, L_00000208b109be50, L_00000208b109bf90, C4<00000000>, C4<00000000>;
L_00000208b109edf0 .functor XOR 8, L_00000208b109f090, L_00000208b109c490, C4<00000000>, C4<00000000>;
L_00000208b109f5d0 .functor XOR 8, L_00000208b109edf0, L_00000208b109b810, C4<00000000>, C4<00000000>;
v00000208b102cfe0_0 .net *"_ivl_0", 7 0, L_00000208b109b770;  1 drivers
v00000208b102dd00_0 .net *"_ivl_11", 7 0, L_00000208b109b810;  1 drivers
v00000208b102e200_0 .net *"_ivl_12", 7 0, L_00000208b109f5d0;  1 drivers
v00000208b102d440_0 .net *"_ivl_2", 7 0, L_00000208b109be50;  1 drivers
v00000208b102d4e0_0 .net *"_ivl_3", 7 0, L_00000208b109c3f0;  1 drivers
v00000208b102d080_0 .net *"_ivl_5", 7 0, L_00000208b109bf90;  1 drivers
v00000208b102d580_0 .net *"_ivl_6", 7 0, L_00000208b109f090;  1 drivers
v00000208b102da80_0 .net *"_ivl_8", 7 0, L_00000208b109c490;  1 drivers
v00000208b102dbc0_0 .net *"_ivl_9", 7 0, L_00000208b109edf0;  1 drivers
L_00000208b109be50 .ufunc/vec4 TD_tb_mix_columns.mixer.by3, 8, L_00000208b109b770 (v00000208b102cf40_0) S_00000208b0fb6930;
L_00000208b109bf90 .ufunc/vec4 TD_tb_mix_columns.mixer.by2, 8, L_00000208b109c3f0 (v00000208b102d300_0) S_00000208b100e410;
S_00000208b108b040 .scope generate, "genblk1[2]" "genblk1[2]" 3 33, 3 33 0, S_00000208b100e280;
 .timescale 0 0;
P_00000208b10224c0 .param/l "i" 0 3 33, +C4<010>;
L_00000208b109f330 .functor XOR 8, L_00000208b109b450, L_00000208b109b9f0, C4<00000000>, C4<00000000>;
L_00000208b109fa30 .functor XOR 8, L_00000208b109f330, L_00000208b109c210, C4<00000000>, C4<00000000>;
L_00000208b109f9c0 .functor XOR 8, L_00000208b109fa30, L_00000208b109b6d0, C4<00000000>, C4<00000000>;
v00000208b102de40_0 .net *"_ivl_0", 7 0, L_00000208b109b450;  1 drivers
v00000208b102dee0_0 .net *"_ivl_1", 7 0, L_00000208b109b590;  1 drivers
v00000208b102e0c0_0 .net *"_ivl_11", 7 0, L_00000208b109b6d0;  1 drivers
v00000208b102e160_0 .net *"_ivl_12", 7 0, L_00000208b109f9c0;  1 drivers
v00000208b102e2a0_0 .net *"_ivl_3", 7 0, L_00000208b109b9f0;  1 drivers
v00000208b102e340_0 .net *"_ivl_4", 7 0, L_00000208b109f330;  1 drivers
v00000208b102e3e0_0 .net *"_ivl_6", 7 0, L_00000208b109bef0;  1 drivers
v00000208b102c680_0 .net *"_ivl_8", 7 0, L_00000208b109c210;  1 drivers
v00000208b102c900_0 .net *"_ivl_9", 7 0, L_00000208b109fa30;  1 drivers
L_00000208b109b9f0 .ufunc/vec4 TD_tb_mix_columns.mixer.by3, 8, L_00000208b109b590 (v00000208b102cf40_0) S_00000208b0fb6930;
L_00000208b109c210 .ufunc/vec4 TD_tb_mix_columns.mixer.by2, 8, L_00000208b109bef0 (v00000208b102d300_0) S_00000208b100e410;
S_00000208b108b9e0 .scope generate, "genblk1[3]" "genblk1[3]" 3 33, 3 33 0, S_00000208b100e280;
 .timescale 0 0;
P_00000208b1022900 .param/l "i" 0 3 33, +C4<011>;
L_00000208b109ed10 .functor XOR 8, L_00000208b109c0d0, L_00000208b109b1d0, C4<00000000>, C4<00000000>;
L_00000208b109eca0 .functor XOR 8, L_00000208b109ed10, L_00000208b109ab90, C4<00000000>, C4<00000000>;
L_00000208b109ed80 .functor XOR 8, L_00000208b109eca0, L_00000208b109b310, C4<00000000>, C4<00000000>;
v00000208b102c720_0 .net *"_ivl_0", 7 0, L_00000208b109c0d0;  1 drivers
v00000208b101eb50_0 .net *"_ivl_1", 7 0, L_00000208b109b1d0;  1 drivers
v00000208b101d430_0 .net *"_ivl_11", 7 0, L_00000208b109b310;  1 drivers
v00000208b101d570_0 .net *"_ivl_12", 7 0, L_00000208b109ed80;  1 drivers
v00000208b101d9d0_0 .net *"_ivl_2", 7 0, L_00000208b109ed10;  1 drivers
v00000208b101e0b0_0 .net *"_ivl_4", 7 0, L_00000208b109aaf0;  1 drivers
v00000208b10134d0_0 .net *"_ivl_6", 7 0, L_00000208b109ab90;  1 drivers
v00000208b1013250_0 .net *"_ivl_7", 7 0, L_00000208b109eca0;  1 drivers
v00000208b1013b10_0 .net *"_ivl_9", 7 0, L_00000208b109b090;  1 drivers
L_00000208b109ab90 .ufunc/vec4 TD_tb_mix_columns.mixer.by3, 8, L_00000208b109aaf0 (v00000208b102cf40_0) S_00000208b0fb6930;
L_00000208b109b310 .ufunc/vec4 TD_tb_mix_columns.mixer.by2, 8, L_00000208b109b090 (v00000208b102d300_0) S_00000208b100e410;
S_00000208b108bb70 .scope generate, "genblk1[4]" "genblk1[4]" 3 33, 3 33 0, S_00000208b100e280;
 .timescale 0 0;
P_00000208b1022500 .param/l "i" 0 3 33, +C4<0100>;
L_00000208b10962a0 .functor XOR 8, L_00000208b109aeb0, L_00000208b109b4f0, C4<00000000>, C4<00000000>;
L_00000208b1096310 .functor XOR 8, L_00000208b10962a0, L_00000208b109af50, C4<00000000>, C4<00000000>;
L_00000208b109f410 .functor XOR 8, L_00000208b1096310, L_00000208b109bdb0, C4<00000000>, C4<00000000>;
v00000208b10136b0_0 .net *"_ivl_0", 7 0, L_00000208b109ae10;  1 drivers
v00000208b1014150_0 .net *"_ivl_11", 7 0, L_00000208b109bdb0;  1 drivers
v00000208b0ffb3a0_0 .net *"_ivl_12", 7 0, L_00000208b109f410;  1 drivers
v00000208b0ffb620_0 .net *"_ivl_2", 7 0, L_00000208b109aeb0;  1 drivers
v00000208b0ffba80_0 .net *"_ivl_3", 7 0, L_00000208b109b4f0;  1 drivers
v00000208b108cc50_0 .net *"_ivl_4", 7 0, L_00000208b10962a0;  1 drivers
v00000208b108dbf0_0 .net *"_ivl_6", 7 0, L_00000208b109af50;  1 drivers
v00000208b108d3d0_0 .net *"_ivl_7", 7 0, L_00000208b1096310;  1 drivers
v00000208b108d470_0 .net *"_ivl_9", 7 0, L_00000208b109c350;  1 drivers
L_00000208b109aeb0 .ufunc/vec4 TD_tb_mix_columns.mixer.by2, 8, L_00000208b109ae10 (v00000208b102d300_0) S_00000208b100e410;
L_00000208b109bdb0 .ufunc/vec4 TD_tb_mix_columns.mixer.by3, 8, L_00000208b109c350 (v00000208b102cf40_0) S_00000208b0fb6930;
S_00000208b108dd10 .scope generate, "genblk1[5]" "genblk1[5]" 3 33, 3 33 0, S_00000208b100e280;
 .timescale 0 0;
P_00000208b1022a40 .param/l "i" 0 3 33, +C4<0101>;
L_00000208b10970a0 .functor XOR 8, L_00000208b109c710, L_00000208b109aff0, C4<00000000>, C4<00000000>;
L_00000208b1097110 .functor XOR 8, L_00000208b10970a0, L_00000208b109b3b0, C4<00000000>, C4<00000000>;
L_00000208b1096230 .functor XOR 8, L_00000208b1097110, L_00000208b109b950, C4<00000000>, C4<00000000>;
v00000208b108da10_0 .net *"_ivl_0", 7 0, L_00000208b109a910;  1 drivers
v00000208b108c930_0 .net *"_ivl_11", 7 0, L_00000208b109b950;  1 drivers
v00000208b108d150_0 .net *"_ivl_12", 7 0, L_00000208b1096230;  1 drivers
v00000208b108d1f0_0 .net *"_ivl_2", 7 0, L_00000208b109c710;  1 drivers
v00000208b108c9d0_0 .net *"_ivl_3", 7 0, L_00000208b109b130;  1 drivers
v00000208b108d290_0 .net *"_ivl_5", 7 0, L_00000208b109aff0;  1 drivers
v00000208b108ce30_0 .net *"_ivl_6", 7 0, L_00000208b10970a0;  1 drivers
v00000208b108c6b0_0 .net *"_ivl_8", 7 0, L_00000208b109b3b0;  1 drivers
v00000208b108ccf0_0 .net *"_ivl_9", 7 0, L_00000208b1097110;  1 drivers
L_00000208b109c710 .ufunc/vec4 TD_tb_mix_columns.mixer.by3, 8, L_00000208b109a910 (v00000208b102cf40_0) S_00000208b0fb6930;
L_00000208b109aff0 .ufunc/vec4 TD_tb_mix_columns.mixer.by2, 8, L_00000208b109b130 (v00000208b102d300_0) S_00000208b100e410;
S_00000208b108dea0 .scope generate, "genblk1[6]" "genblk1[6]" 3 33, 3 33 0, S_00000208b100e280;
 .timescale 0 0;
P_00000208b10232c0 .param/l "i" 0 3 33, +C4<0110>;
L_00000208b1096f50 .functor XOR 8, L_00000208b109ad70, L_00000208b109c2b0, C4<00000000>, C4<00000000>;
L_00000208b1097030 .functor XOR 8, L_00000208b1096f50, L_00000208b109b630, C4<00000000>, C4<00000000>;
L_00000208b1096fc0 .functor XOR 8, L_00000208b1097030, L_00000208b109c670, C4<00000000>, C4<00000000>;
v00000208b108cd90_0 .net *"_ivl_0", 7 0, L_00000208b109ad70;  1 drivers
v00000208b108c390_0 .net *"_ivl_1", 7 0, L_00000208b109bbd0;  1 drivers
v00000208b108dab0_0 .net *"_ivl_11", 7 0, L_00000208b109c670;  1 drivers
v00000208b108be90_0 .net *"_ivl_12", 7 0, L_00000208b1096fc0;  1 drivers
v00000208b108d010_0 .net *"_ivl_3", 7 0, L_00000208b109c2b0;  1 drivers
v00000208b108c750_0 .net *"_ivl_4", 7 0, L_00000208b1096f50;  1 drivers
v00000208b108c4d0_0 .net *"_ivl_6", 7 0, L_00000208b109c530;  1 drivers
v00000208b108d830_0 .net *"_ivl_8", 7 0, L_00000208b109b630;  1 drivers
v00000208b108cbb0_0 .net *"_ivl_9", 7 0, L_00000208b1097030;  1 drivers
L_00000208b109c2b0 .ufunc/vec4 TD_tb_mix_columns.mixer.by3, 8, L_00000208b109bbd0 (v00000208b102cf40_0) S_00000208b0fb6930;
L_00000208b109b630 .ufunc/vec4 TD_tb_mix_columns.mixer.by2, 8, L_00000208b109c530 (v00000208b102d300_0) S_00000208b100e410;
S_00000208b108e030 .scope generate, "genblk1[7]" "genblk1[7]" 3 33, 3 33 0, S_00000208b100e280;
 .timescale 0 0;
P_00000208b1023180 .param/l "i" 0 3 33, +C4<0111>;
L_00000208b1096e00 .functor XOR 8, L_00000208b109aa50, L_00000208b109c5d0, C4<00000000>, C4<00000000>;
L_00000208b1096e70 .functor XOR 8, L_00000208b1096e00, L_00000208b109b8b0, C4<00000000>, C4<00000000>;
L_00000208b1096ee0 .functor XOR 8, L_00000208b1096e70, L_00000208b109acd0, C4<00000000>, C4<00000000>;
v00000208b108ced0_0 .net *"_ivl_0", 7 0, L_00000208b109aa50;  1 drivers
v00000208b108d510_0 .net *"_ivl_1", 7 0, L_00000208b109c5d0;  1 drivers
v00000208b108d6f0_0 .net *"_ivl_11", 7 0, L_00000208b109acd0;  1 drivers
v00000208b108c1b0_0 .net *"_ivl_12", 7 0, L_00000208b1096ee0;  1 drivers
v00000208b108bdf0_0 .net *"_ivl_2", 7 0, L_00000208b1096e00;  1 drivers
v00000208b108c070_0 .net *"_ivl_4", 7 0, L_00000208b109bd10;  1 drivers
v00000208b108cf70_0 .net *"_ivl_6", 7 0, L_00000208b109b8b0;  1 drivers
v00000208b108bf30_0 .net *"_ivl_7", 7 0, L_00000208b1096e70;  1 drivers
v00000208b108d8d0_0 .net *"_ivl_9", 7 0, L_00000208b109bc70;  1 drivers
L_00000208b109b8b0 .ufunc/vec4 TD_tb_mix_columns.mixer.by3, 8, L_00000208b109bd10 (v00000208b102cf40_0) S_00000208b0fb6930;
L_00000208b109acd0 .ufunc/vec4 TD_tb_mix_columns.mixer.by2, 8, L_00000208b109bc70 (v00000208b102d300_0) S_00000208b100e410;
S_00000208b108e1c0 .scope generate, "genblk1[8]" "genblk1[8]" 3 33, 3 33 0, S_00000208b100e280;
 .timescale 0 0;
P_00000208b1022d00 .param/l "i" 0 3 33, +C4<01000>;
L_00000208b1096d20 .functor XOR 8, L_00000208b109a870, L_00000208b109b270, C4<00000000>, C4<00000000>;
L_00000208b10963f0 .functor XOR 8, L_00000208b1096d20, L_00000208b109a9b0, C4<00000000>, C4<00000000>;
L_00000208b1096d90 .functor XOR 8, L_00000208b10963f0, L_00000208b109ac30, C4<00000000>, C4<00000000>;
v00000208b108d0b0_0 .net *"_ivl_0", 7 0, L_00000208b1094220;  1 drivers
v00000208b108bfd0_0 .net *"_ivl_11", 7 0, L_00000208b109ac30;  1 drivers
v00000208b108d970_0 .net *"_ivl_12", 7 0, L_00000208b1096d90;  1 drivers
v00000208b108d330_0 .net *"_ivl_2", 7 0, L_00000208b109a870;  1 drivers
v00000208b108d5b0_0 .net *"_ivl_3", 7 0, L_00000208b109b270;  1 drivers
v00000208b108d650_0 .net *"_ivl_4", 7 0, L_00000208b1096d20;  1 drivers
v00000208b108db50_0 .net *"_ivl_6", 7 0, L_00000208b109a9b0;  1 drivers
v00000208b108c890_0 .net *"_ivl_7", 7 0, L_00000208b10963f0;  1 drivers
v00000208b108d790_0 .net *"_ivl_9", 7 0, L_00000208b109bb30;  1 drivers
L_00000208b109a870 .ufunc/vec4 TD_tb_mix_columns.mixer.by2, 8, L_00000208b1094220 (v00000208b102d300_0) S_00000208b100e410;
L_00000208b109ac30 .ufunc/vec4 TD_tb_mix_columns.mixer.by3, 8, L_00000208b109bb30 (v00000208b102cf40_0) S_00000208b0fb6930;
S_00000208b1090360 .scope generate, "genblk1[9]" "genblk1[9]" 3 33, 3 33 0, S_00000208b100e280;
 .timescale 0 0;
P_00000208b1022940 .param/l "i" 0 3 33, +C4<01001>;
L_00000208b1096a80 .functor XOR 8, L_00000208b1095b20, L_00000208b1095c60, C4<00000000>, C4<00000000>;
L_00000208b1096b60 .functor XOR 8, L_00000208b1096a80, L_00000208b1096020, C4<00000000>, C4<00000000>;
L_00000208b1096380 .functor XOR 8, L_00000208b1096b60, L_00000208b10960c0, C4<00000000>, C4<00000000>;
v00000208b108bd50_0 .net *"_ivl_0", 7 0, L_00000208b1094360;  1 drivers
v00000208b108c430_0 .net *"_ivl_11", 7 0, L_00000208b10960c0;  1 drivers
v00000208b108c610_0 .net *"_ivl_12", 7 0, L_00000208b1096380;  1 drivers
v00000208b108c110_0 .net *"_ivl_2", 7 0, L_00000208b1095b20;  1 drivers
v00000208b108ca70_0 .net *"_ivl_3", 7 0, L_00000208b1095bc0;  1 drivers
v00000208b108cb10_0 .net *"_ivl_5", 7 0, L_00000208b1095c60;  1 drivers
v00000208b108c250_0 .net *"_ivl_6", 7 0, L_00000208b1096a80;  1 drivers
v00000208b108c2f0_0 .net *"_ivl_8", 7 0, L_00000208b1096020;  1 drivers
v00000208b108c570_0 .net *"_ivl_9", 7 0, L_00000208b1096b60;  1 drivers
L_00000208b1095b20 .ufunc/vec4 TD_tb_mix_columns.mixer.by3, 8, L_00000208b1094360 (v00000208b102cf40_0) S_00000208b0fb6930;
L_00000208b1095c60 .ufunc/vec4 TD_tb_mix_columns.mixer.by2, 8, L_00000208b1095bc0 (v00000208b102d300_0) S_00000208b100e410;
S_00000208b10904f0 .scope generate, "genblk1[10]" "genblk1[10]" 3 33, 3 33 0, S_00000208b100e280;
 .timescale 0 0;
P_00000208b1022d80 .param/l "i" 0 3 33, +C4<01010>;
L_00000208b10967e0 .functor XOR 8, L_00000208b1095760, L_00000208b1094540, C4<00000000>, C4<00000000>;
L_00000208b1096a10 .functor XOR 8, L_00000208b10967e0, L_00000208b1095f80, C4<00000000>, C4<00000000>;
L_00000208b1096850 .functor XOR 8, L_00000208b1096a10, L_00000208b1095a80, C4<00000000>, C4<00000000>;
v00000208b108c7f0_0 .net *"_ivl_0", 7 0, L_00000208b1095760;  1 drivers
v00000208b10924d0_0 .net *"_ivl_1", 7 0, L_00000208b1095300;  1 drivers
v00000208b1091670_0 .net *"_ivl_11", 7 0, L_00000208b1095a80;  1 drivers
v00000208b10908b0_0 .net *"_ivl_12", 7 0, L_00000208b1096850;  1 drivers
v00000208b1091ad0_0 .net *"_ivl_3", 7 0, L_00000208b1094540;  1 drivers
v00000208b1091e90_0 .net *"_ivl_4", 7 0, L_00000208b10967e0;  1 drivers
v00000208b10910d0_0 .net *"_ivl_6", 7 0, L_00000208b1095800;  1 drivers
v00000208b1090950_0 .net *"_ivl_8", 7 0, L_00000208b1095f80;  1 drivers
v00000208b1091a30_0 .net *"_ivl_9", 7 0, L_00000208b1096a10;  1 drivers
L_00000208b1094540 .ufunc/vec4 TD_tb_mix_columns.mixer.by3, 8, L_00000208b1095300 (v00000208b102cf40_0) S_00000208b0fb6930;
L_00000208b1095f80 .ufunc/vec4 TD_tb_mix_columns.mixer.by2, 8, L_00000208b1095800 (v00000208b102d300_0) S_00000208b100e410;
S_00000208b1092690 .scope generate, "genblk1[11]" "genblk1[11]" 3 33, 3 33 0, S_00000208b100e280;
 .timescale 0 0;
P_00000208b1022c00 .param/l "i" 0 3 33, +C4<01011>;
L_00000208b1096770 .functor XOR 8, L_00000208b10959e0, L_00000208b1095e40, C4<00000000>, C4<00000000>;
L_00000208b1096af0 .functor XOR 8, L_00000208b1096770, L_00000208b1095260, C4<00000000>, C4<00000000>;
L_00000208b10964d0 .functor XOR 8, L_00000208b1096af0, L_00000208b10953a0, C4<00000000>, C4<00000000>;
v00000208b1091b70_0 .net *"_ivl_0", 7 0, L_00000208b10959e0;  1 drivers
v00000208b1091350_0 .net *"_ivl_1", 7 0, L_00000208b1095e40;  1 drivers
v00000208b10921b0_0 .net *"_ivl_11", 7 0, L_00000208b10953a0;  1 drivers
v00000208b1090bd0_0 .net *"_ivl_12", 7 0, L_00000208b10964d0;  1 drivers
v00000208b1091170_0 .net *"_ivl_2", 7 0, L_00000208b1096770;  1 drivers
v00000208b1091850_0 .net *"_ivl_4", 7 0, L_00000208b1094ea0;  1 drivers
v00000208b1092430_0 .net *"_ivl_6", 7 0, L_00000208b1095260;  1 drivers
v00000208b1091df0_0 .net *"_ivl_7", 7 0, L_00000208b1096af0;  1 drivers
v00000208b1092570_0 .net *"_ivl_9", 7 0, L_00000208b1095ee0;  1 drivers
L_00000208b1095260 .ufunc/vec4 TD_tb_mix_columns.mixer.by3, 8, L_00000208b1094ea0 (v00000208b102cf40_0) S_00000208b0fb6930;
L_00000208b10953a0 .ufunc/vec4 TD_tb_mix_columns.mixer.by2, 8, L_00000208b1095ee0 (v00000208b102d300_0) S_00000208b100e410;
S_00000208b1092820 .scope generate, "genblk1[12]" "genblk1[12]" 3 33, 3 33 0, S_00000208b100e280;
 .timescale 0 0;
P_00000208b1022c40 .param/l "i" 0 3 33, +C4<01100>;
L_00000208b1096bd0 .functor XOR 8, L_00000208b10956c0, L_00000208b1094a40, C4<00000000>, C4<00000000>;
L_00000208b10965b0 .functor XOR 8, L_00000208b1096bd0, L_00000208b1094ae0, C4<00000000>, C4<00000000>;
L_00000208b1096460 .functor XOR 8, L_00000208b10965b0, L_00000208b1094b80, C4<00000000>, C4<00000000>;
v00000208b1091f30_0 .net *"_ivl_0", 7 0, L_00000208b1094400;  1 drivers
v00000208b1092250_0 .net *"_ivl_11", 7 0, L_00000208b1094b80;  1 drivers
v00000208b1090810_0 .net *"_ivl_12", 7 0, L_00000208b1096460;  1 drivers
v00000208b10906d0_0 .net *"_ivl_2", 7 0, L_00000208b10956c0;  1 drivers
v00000208b1092070_0 .net *"_ivl_3", 7 0, L_00000208b1094a40;  1 drivers
v00000208b10922f0_0 .net *"_ivl_4", 7 0, L_00000208b1096bd0;  1 drivers
v00000208b1091710_0 .net *"_ivl_6", 7 0, L_00000208b1094ae0;  1 drivers
v00000208b1091530_0 .net *"_ivl_7", 7 0, L_00000208b10965b0;  1 drivers
v00000208b1091d50_0 .net *"_ivl_9", 7 0, L_00000208b1095d00;  1 drivers
L_00000208b10956c0 .ufunc/vec4 TD_tb_mix_columns.mixer.by2, 8, L_00000208b1094400 (v00000208b102d300_0) S_00000208b100e410;
L_00000208b1094b80 .ufunc/vec4 TD_tb_mix_columns.mixer.by3, 8, L_00000208b1095d00 (v00000208b102cf40_0) S_00000208b0fb6930;
S_00000208b1092d20 .scope generate, "genblk1[13]" "genblk1[13]" 3 33, 3 33 0, S_00000208b100e280;
 .timescale 0 0;
P_00000208b1023280 .param/l "i" 0 3 33, +C4<01101>;
L_00000208b10968c0 .functor XOR 8, L_00000208b1094680, L_00000208b10949a0, C4<00000000>, C4<00000000>;
L_00000208b1096700 .functor XOR 8, L_00000208b10968c0, L_00000208b1095620, C4<00000000>, C4<00000000>;
L_00000208b1096cb0 .functor XOR 8, L_00000208b1096700, L_00000208b1094c20, C4<00000000>, C4<00000000>;
v00000208b10917b0_0 .net *"_ivl_0", 7 0, L_00000208b10951c0;  1 drivers
v00000208b1092390_0 .net *"_ivl_11", 7 0, L_00000208b1094c20;  1 drivers
v00000208b10915d0_0 .net *"_ivl_12", 7 0, L_00000208b1096cb0;  1 drivers
v00000208b1092110_0 .net *"_ivl_2", 7 0, L_00000208b1094680;  1 drivers
v00000208b1090c70_0 .net *"_ivl_3", 7 0, L_00000208b1094900;  1 drivers
v00000208b1090770_0 .net *"_ivl_5", 7 0, L_00000208b10949a0;  1 drivers
v00000208b10912b0_0 .net *"_ivl_6", 7 0, L_00000208b10968c0;  1 drivers
v00000208b10909f0_0 .net *"_ivl_8", 7 0, L_00000208b1095620;  1 drivers
v00000208b1091cb0_0 .net *"_ivl_9", 7 0, L_00000208b1096700;  1 drivers
L_00000208b1094680 .ufunc/vec4 TD_tb_mix_columns.mixer.by3, 8, L_00000208b10951c0 (v00000208b102cf40_0) S_00000208b0fb6930;
L_00000208b10949a0 .ufunc/vec4 TD_tb_mix_columns.mixer.by2, 8, L_00000208b1094900 (v00000208b102d300_0) S_00000208b100e410;
S_00000208b1092eb0 .scope generate, "genblk1[14]" "genblk1[14]" 3 33, 3 33 0, S_00000208b100e280;
 .timescale 0 0;
P_00000208b1022c80 .param/l "i" 0 3 33, +C4<01110>;
L_00000208b1096930 .functor XOR 8, L_00000208b1095080, L_00000208b1095440, C4<00000000>, C4<00000000>;
L_00000208b1096690 .functor XOR 8, L_00000208b1096930, L_00000208b10942c0, C4<00000000>, C4<00000000>;
L_00000208b1096c40 .functor XOR 8, L_00000208b1096690, L_00000208b10944a0, C4<00000000>, C4<00000000>;
v00000208b1091030_0 .net *"_ivl_0", 7 0, L_00000208b1095080;  1 drivers
v00000208b1090a90_0 .net *"_ivl_1", 7 0, L_00000208b1095da0;  1 drivers
v00000208b1090b30_0 .net *"_ivl_11", 7 0, L_00000208b10944a0;  1 drivers
v00000208b1090d10_0 .net *"_ivl_12", 7 0, L_00000208b1096c40;  1 drivers
v00000208b10913f0_0 .net *"_ivl_3", 7 0, L_00000208b1095440;  1 drivers
v00000208b1090db0_0 .net *"_ivl_4", 7 0, L_00000208b1096930;  1 drivers
v00000208b10918f0_0 .net *"_ivl_6", 7 0, L_00000208b1095120;  1 drivers
v00000208b1090e50_0 .net *"_ivl_8", 7 0, L_00000208b10942c0;  1 drivers
v00000208b1091490_0 .net *"_ivl_9", 7 0, L_00000208b1096690;  1 drivers
L_00000208b1095440 .ufunc/vec4 TD_tb_mix_columns.mixer.by3, 8, L_00000208b1095da0 (v00000208b102cf40_0) S_00000208b0fb6930;
L_00000208b10942c0 .ufunc/vec4 TD_tb_mix_columns.mixer.by2, 8, L_00000208b1095120 (v00000208b102d300_0) S_00000208b100e410;
S_00000208b1093040 .scope generate, "genblk1[15]" "genblk1[15]" 3 33, 3 33 0, S_00000208b100e280;
 .timescale 0 0;
P_00000208b1022540 .param/l "i" 0 3 33, +C4<01111>;
L_00000208b1096620 .functor XOR 8, L_00000208b1094fe0, L_00000208b1094d60, C4<00000000>, C4<00000000>;
L_00000208b10969a0 .functor XOR 8, L_00000208b1096620, L_00000208b1095940, C4<00000000>, C4<00000000>;
L_00000208b1096540 .functor XOR 8, L_00000208b10969a0, L_00000208b1095580, C4<00000000>, C4<00000000>;
v00000208b1091990_0 .net *"_ivl_0", 7 0, L_00000208b1094fe0;  1 drivers
v00000208b1090ef0_0 .net *"_ivl_1", 7 0, L_00000208b1094d60;  1 drivers
v00000208b1090f90_0 .net *"_ivl_11", 7 0, L_00000208b1095580;  1 drivers
v00000208b1091210_0 .net *"_ivl_12", 7 0, L_00000208b1096540;  1 drivers
v00000208b1091c10_0 .net *"_ivl_2", 7 0, L_00000208b1096620;  1 drivers
v00000208b1091fd0_0 .net *"_ivl_4", 7 0, L_00000208b1094720;  1 drivers
v00000208b10954e0_0 .net *"_ivl_6", 7 0, L_00000208b1095940;  1 drivers
v00000208b10945e0_0 .net *"_ivl_7", 7 0, L_00000208b10969a0;  1 drivers
v00000208b1094f40_0 .net *"_ivl_9", 7 0, L_00000208b1094860;  1 drivers
L_00000208b1095940 .ufunc/vec4 TD_tb_mix_columns.mixer.by3, 8, L_00000208b1094720 (v00000208b102cf40_0) S_00000208b0fb6930;
L_00000208b1095580 .ufunc/vec4 TD_tb_mix_columns.mixer.by2, 8, L_00000208b1094860 (v00000208b102d300_0) S_00000208b100e410;
    .scope S_00000208b102e500;
T_2 ;
    %pushi/vec4 3569311024, 0, 32;
    %concati/vec4 3769914030, 0, 32;
    %concati/vec4 3091272177, 0, 32;
    %concati/vec4 505911525, 0, 32;
    %store/vec4 v00000208b10947c0_0, 0, 128;
    %delay 10, 0;
    %pushi/vec4 2478247542, 0, 33;
    %concati/vec4 2322769682, 0, 32;
    %concati/vec4 4261783010, 0, 32;
    %concati/vec4 2011076122, 0, 31;
    %store/vec4 v00000208b10947c0_0, 0, 128;
    %delay 10, 0;
    %vpi_call 2 26 "$finish" {0 0 0};
    %end;
    .thread T_2;
    .scope S_00000208b102e500;
T_3 ;
    %wait E_00000208b10229c0;
    %vpi_call 2 34 "$display", "Time = %t, i_state = %h, o_state = %h", $time, v00000208b10947c0_0, v00000208b1094e00_0 {0 0 0};
    %jmp T_3;
    .thread T_3, $push;
# The file index is used to find the file name in the following table.
:file_names 4;
    "N/A";
    "<interactive>";
    "tb_mix_columns.v";
    "./mix_columns.v";
